1	-611	530	-127
2	-566	526	-31
3	-523	507	95
4	-443	535	388
5	-477	378	671
6	-465	527	680
7	-456	569	717
8	-469	516	596
9	-449	516	540
10	-469	529	613
11	-475	526	744
12	-451	503	766
13	-456	489	579
14	-390	541	281
15	-440	550	22
16	-485	576	-127
17	-512	525	-308
18	-572	482	-366
19	-599	503	-407
20	-569	546	-501
21	-643	523	-707
22	-608	517	-854
23	-624	505	-755
24	-634	507	-495
25	-628	500	-101
26	-642	514	205
27	-474	510	429
28	-485	593	410
29	-521	534	365
30	-427	556	466
31	-339	580	836
32	-335	550	993
33	-320	531	844
34	-265	500	615
35	-337	472	244
36	-353	530	85
37	-365	607	138
38	-352	480	23
39	-350	504	-195
40	-397	550	-376
41	-423	543	-579
42	-499	520	-749
43	-464	539	-722
44	-447	538	-740
45	-423	538	-651
46	-370	460	-502
47	-346	520	-261
48	-409	477	-143
49	-367	557	32
50	-393	521	97
51	-382	479	245
52	-318	554	423
53	-259	589	625
54	-356	484	594
55	-325	524	484
56	-295	531	377
57	-221	543	365
58	-259	526	353
59	-237	504	374
60	-136	540	467
61	-183	561	428
62	-181	518	342
63	-228	538	410
64	-290	510	421
65	-228	557	257
66	-238	519	170
67	-214	469	248
68	-168	586	76
69	-185	514	-103
70	-224	491	-256
71	-271	521	-587
72	-308	498	-749
73	-361	470	-437
74	-355	491	-281
75	-348	466	-280
76	-281	478	-115
77	-321	440	7
78	-262	469	124
79	-183	457	210
80	-144	504	348
81	-64	524	431
82	-84	487	447
83	-99	515	505
84	-3	467	593
85	89	461	646
86	81	460	615
87	95	444	531
88	87	479	432
89	63	490	223
90	0	469	18
91	-112	459	-199
92	-125	466	-305
93	-140	486	-213
94	-136	446	-283
95	-157	442	-460
96	-245	434	-621
97	-245	392	-408
98	-215	411	-293
99	-185	462	-57
100	-138	426	82
101	-155	409	77
102	-9	463	144
103	20	455	77
104	12	439	7
105	68	437	59
106	108	392	150
107	108	415	302
108	116	427	390
109	114	418	294
110	23	388	41
111	72	399	2
112	56	391	162
113	-9	373	233
114	-14	375	-74
115	-18	374	-301
116	-14	347	-322
117	-20	376	-319
118	5	416	-406
119	10	372	-384
120	89	378	-188
121	102	363	-36
122	100	321	97
123	124	359	-23
124	142	359	-123
125	158	360	-101
126	98	361	51
127	220	425	7
128	102	310	-98
129	157	326	-44
130	139	235	-66
131	168	306	-68
132	197	311	33
133	205	322	143
134	219	297	230
135	245	212	388
136	287	258	541
137	239	250	418
138	284	271	231
139	209	240	131
140	243	272	66
141	226	296	112
142	288	314	9
143	235	285	-216
144	223	263	-388
145	229	303	-431
146	140	254	-460
147	145	276	-448
148	101	262	-350
149	50	281	-278
150	94	263	-412
151	99	217	-516
152	107	204	-407
153	152	255	-413
154	202	293	-260
155	312	289	-82
156	363	241	266
157	359	217	373
158	359	211	432
159	366	210	431
160	368	192	585
161	392	188	741
162	464	194	815
163	474	194	650
164	472	125	516
165	420	164	268
166	379	121	-104
167	340	179	-321
168	318	177	-318
169	273	145	-297
170	275	146	-457
171	307	137	-496
172	288	131	-467
173	257	115	-464
174	248	89	-591
175	209	79	-662
176	254	92	-515
177	292	42	-209
178	312	117	-144
179	342	66	-338
180	340	55	-368
181	421	70	-144
182	434	50	105
183	396	6	27
184	408	18	-83
185	536	-58	48
186	542	34	102
187	508	18	-42
188	393	-18	-171
189	458	-25	26
190	451	2	257
191	452	34	334
192	394	25	283
193	363	-23	203
194	386	-19	175
195	486	126	321
196	439	-4	40
197	449	-48	-93
198	512	18	13
199	480	-36	-4
200	527	-42	-231
201	542	-32	-396
202	507	-54	-427
203	477	-103	-252
204	507	-79	-44
205	472	-109	26
206	432	-101	26
207	403	-112	-129
208	382	-91	-141
209	398	-81	-134
210	330	-101	-169
211	389	-65	-255
212	378	-116	-264
213	435	-107	-264
214	509	-125	-266
215	454	-157	-315
216	535	-165	-142
217	553	-153	-60
218	603	-162	59
219	559	-200	135
220	588	-240	264
221	720	-200	297
222	647	-283	162
223	691	-225	112
224	749	-244	75
225	722	-291	135
226	661	-308	198
227	682	-268	197
228	556	-323	144
229	550	-308	64
230	506	-313	-6
231	505	-312	-45
232	495	-324	-3
233	487	-345	-153
234	524	-359	-205
235	536	-410	-346
236	590	-402	-402
237	458	-347	-655
238	454	-424	-669
239	586	-348	-633
240	656	-389	-661
241	628	-367	-573
242	553	-433	-413
243	541	-392	-332
244	542	-426	-200
245	603	-405	27
246	606	-379	387
247	589	-404	684
248	638	-379	1005
249	755	-434	1074
250	776	-422	941
251	789	-465	820
252	814	-486	527
253	782	-483	-36
254	763	-486	-505
255	731	-453	-753
256	603	-460	-841
257	493	-496	-1006
258	381	-519	-1013
259	387	-530	-887
260	328	-553	-836
261	345	-564	-856
262	461	-596	-837
263	596	-611	-323
264	716	-612	321
265	628	-628	480
266	886	-620	666
267	958	-661	915
268	932	-719	1131
269	899	-724	1077
270	857	-712	978
271	778	-716	774
272	656	-741	454
273	604	-810	22
274	581	-770	-188
275	589	-817	-596
276	511	-788	-827
277	469	-858	-1136
278	460	-835	-1516
279	455	-837	-1754
280	475	-876	-1351
281	549	-857	-580
282	605	-836	-159
283	701	-883	67
284	660	-876	642
285	697	-913	1167
286	815	-839	1452
287	836	-896	1025
288	871	-905	923
289	832	-937	1053
290	844	-931	818
291	769	-969	462
292	809	-930	310
293	833	-952	202
294	682	-1001	-276
295	546	-918	-960
296	449	-987	-1176
297	408	-1002	-1367
298	391	-1029	-1350
299	483	-1025	-1067
300	547	-1068	-834
301	646	-1086	-493
302	717	-1096	183
303	742	-1109	386
304	676	-1095	362
305	643	-1180	460
306	682	-1137	987
307	648	-1222	1244
308	696	-1189	1263
309	736	-1212	973
310	722	-1225	841
311	720	-1241	451
312	684	-1266	137
313	619	-1286	-378
314	652	-1284	-303
315	575	-1314	-539
316	456	-1338	-766
317	413	-1341	-854
318	342	-1336	-1058
319	302	-1378	-1138
320	352	-1361	-880
321	408	-1414	-574
322	465	-1397	3
323	515	-1469	255
324	614	-1448	582
325	704	-1456	795
326	676	-1450	887
327	708	-1367	788
328	705	-1432	581
329	693	-1441	228
330	554	-1454	52
331	479	-1473	-58
332	403	-1499	-166
333	407	-1513	-264
334	369	-1514	-260
335	421	-1515	-255
336	443	-1539	-515
337	464	-1582	-818
338	486	-1604	-887
339	533	-1580	-801
340	467	-1653	-659
341	389	-1641	-268
342	327	-1660	99
343	254	-1674	312
344	280	-1661	598
345	334	-1687	900
346	389	-1695	476
347	483	-1752	457
348	565	-1775	519
349	540	-1767	198
350	519	-1816	-70
351	458	-1799	-501
352	354	-1809	-824
353	269	-1806	-714
354	200	-1825	-512
355	53	-1851	-538
356	22	-1847	-618
357	62	-1817	-113
358	119	-1862	133
359	266	-1884	180
360	387	-1909	342
361	479	-1891	203
362	499	-1908	178
363	542	-1923	673
364	433	-1938	668
365	254	-1930	299
366	174	-1919	113
367	151	-1922	125
368	113	-1964	-67
369	131	-1992	-101
370	167	-2017	-365
371	166	-1999	-762
372	177	-2022	-635
373	180	-2013	-212
374	113	-2021	-107
375	4	-2061	-364
376	-18	-2062	-34
377	12	-2042	589
378	6	-2085	810
379	125	-2023	708
380	72	-2070	500
381	120	-2145	400
382	183	-2111	384
383	163	-2149	514
384	81	-2121	192
385	-7	-2150	-269
386	-27	-2128	-87
387	-86	-2090	-205
388	-192	-2133	-330
389	-232	-2142	-245
390	-243	-2164	-426
391	-172	-2168	-348
392	-49	-2176	367
393	-3	-2175	359
394	17	-2211	247
395	74	-2213	488
396	62	-2197	810
397	14	-2198	961
398	19	-2192	1015
399	-82	-2216	489
400	-179	-2220	111
401	-228	-2235	29
402	-262	-2237	-441
403	-366	-2269	-814
404	-403	-2272	-1078
405	-562	-2281	-1023
406	-483	-2270	-333
407	-429	-2265	255
408	-484	-2262	387
409	-410	-2230	886
410	-249	-2263	1493
411	-211	-2277	1390
412	-107	-2248	1152
413	-131	-2283	627
414	-258	-2292	-36
415	-284	-2270	-81
416	-360	-2300	96
417	-483	-2283	-221
418	-601	-2281	-465
419	-684	-2281	-507
420	-728	-2285	-364
421	-692	-2321	170
422	-643	-2334	51
423	-550	-2329	-105
424	-452	-2318	182
425	-363	-2316	567
426	-301	-2317	812
427	-273	-2322	938
428	-327	-2292	730
429	-406	-2276	584
430	-469	-2274	546
431	-620	-2280	578
432	-760	-2285	78
433	-828	-2278	-151
434	-797	-2284	156
435	-709	-2270	235
436	-661	-2283	116
437	-603	-2290	-144
438	-663	-2286	-264
439	-673	-2301	-201
440	-686	-2290	274
441	-747	-2276	472
442	-916	-2265	119
443	-993	-2236	64
444	-963	-2200	138
445	-963	-2213	398
446	-904	-2206	330
447	-848	-2229	205
448	-725	-2243	467
449	-643	-2237	1005
450	-746	-2269	786
451	-773	-2233	682
452	-838	-2222	663
453	-916	-2208	393
454	-972	-2224	199
455	-937	-2235	128
456	-990	-2275	-141
457	-1009	-2243	-472
458	-1002	-2231	-382
459	-990	-2188	-412
460	-1036	-2150	-354
461	-1060	-2129	-179
462	-1050	-2134	55
463	-1023	-2145	503
464	-872	-2148	1123
465	-863	-2172	1340
466	-898	-2128	1242
467	-913	-2074	1384
468	-1013	-2049	1201
469	-1047	-2050	897
470	-1055	-2051	543
471	-1173	-2062	-52
472	-1178	-2049	-358
473	-1206	-2072	-569
474	-1292	-2023	-874
475	-1350	-1980	-874
476	-1396	-2025	-893
477	-1362	-1973	-581
478	-1272	-1979	227
479	-1235	-1972	503
480	-1184	-1950	572
481	-1096	-1934	1395
482	-1056	-1911	1539
483	-1048	-1940	1282
484	-1018	-1915	1227
485	-1028	-1917	958
486	-1192	-1922	382
487	-1221	-1905	176
488	-1301	-1884	-1
489	-1425	-1888	-410
490	-1462	-1879	-674
491	-1424	-1858	-585
492	-1363	-1829	-127
493	-1248	-1827	267
494	-1145	-1809	537
495	-1035	-1802	919
496	-1174	-1766	970
497	-1235	-1717	946
498	-1332	-1754	853
499	-1388	-1690	678
500	-1476	-1701	696
501	-1431	-1699	359
502	-1295	-1662	251
503	-1217	-1662	296
504	-1154	-1645	57
505	-1122	-1623	0
506	-1202	-1600	18
507	-1343	-1571	61
508	-1494	-1566	240
509	-1568	-1587	571
510	-1566	-1522	676
511	-1517	-1538	762
512	-1366	-1509	758
513	-1165	-1518	756
514	-1096	-1548	594
515	-1061	-1517	335
516	-1125	-1492	162
517	-1228	-1459	200
518	-1373	-1413	89
519	-1473	-1420	55
520	-1515	-1410	379
521	-1505	-1394	537
522	-1392	-1378	518
523	-1311	-1410	628
524	-1206	-1383	610
525	-1139	-1360	368
526	-1173	-1357	403
527	-1210	-1333	605
528	-1256	-1313	711
529	-1380	-1318	631
530	-1486	-1280	469
531	-1460	-1292	303
532	-1326	-1253	308
533	-1241	-1240	93
534	-1193	-1246	84
535	-1131	-1201	193
536	-1177	-1204	103
537	-1227	-1143	270
538	-1335	-1134	634
539	-1440	-1141	637
540	-1365	-1115	365
541	-1313	-1123	259
542	-1245	-1100	364
543	-1179	-1097	347
544	-1129	-1119	390
545	-1104	-1055	651
546	-1157	-1060	540
547	-1227	-1054	434
548	-1263	-995	488
549	-1345	-1028	259
550	-1308	-1021	-62
551	-1249	-1020	-84
552	-1203	-1014	-114
553	-1161	-1016	-170
554	-1189	-971	25
555	-1175	-941	194
556	-1141	-956	365
557	-1156	-914	740
558	-1208	-907	765
559	-1217	-911	398
560	-1165	-895	517
561	-1050	-905	930
562	-978	-867	1058
563	-964	-880	866
564	-923	-863	580
565	-933	-869	237
566	-1042	-811	-14
567	-1173	-776	-203
568	-1323	-803	-708
569	-1296	-777	-916
570	-1178	-772	-742
571	-1054	-771	-463
572	-884	-773	0
573	-711	-773	314
574	-671	-769	624
575	-653	-754	1000
576	-638	-683	1471
577	-746	-678	1233
578	-948	-700	840
579	-978	-662	845
580	-964	-655	731
581	-934	-693	539
582	-915	-680	216
583	-885	-707	-454
584	-879	-683	-940
585	-871	-678	-623
586	-789	-661	-485
587	-864	-655	-355
588	-772	-660	127
589	-744	-655	525
590	-740	-622	540
591	-688	-610	643
592	-613	-606	742
593	-718	-615	557
594	-686	-630	765
595	-570	-627	1013
596	-650	-638	686
597	-689	-602	114
598	-621	-597	-322
599	-659	-580	-642
600	-650	-571	-562
601	-592	-652	-387
602	-595	-604	-309
603	-621	-577	116
604	-456	-580	1053
605	-418	-555	1226
606	-435	-542	1030
607	-409	-591	912
608	-352	-571	1049
609	-259	-584	835
610	-210	-594	735
611	-140	-544	610
612	-202	-623	452
613	-311	-649	123
614	-419	-656	-419
615	-573	-624	-1341
616	-680	-620	-1122
617	-838	-622	-1012
618	-799	-580	-1354
619	-649	-624	-898
620	-538	-601	-560
621	-347	-600	178
622	-183	-613	908
623	-144	-627	892
624	-120	-566	934
625	-98	-603	890
626	-8	-589	1501
627	14	-586	1770
628	-24	-564	1448
629	51	-578	1242
630	30	-649	1137
631	-52	-619	857
632	-8	-645	453
633	-59	-644	255
634	-164	-702	-245
635	-141	-716	-559
636	-248	-728	-1116
637	-304	-713	-1483
638	-345	-717	-1382
639	-405	-739	-1049
640	-299	-701	-891
641	-246	-700	-610
642	-186	-709	-145
643	-112	-708	308
644	5	-710	981
645	125	-727	1318
646	214	-746	1313
647	261	-743	1385
648	377	-808	1384
649	398	-788	1511
650	530	-778	1205
651	532	-796	527
652	499	-774	309
653	393	-819	-7
654	269	-873	-279
655	59	-818	-977
656	-35	-808	-1011
657	-153	-821	-1119
658	-354	-860	-1406
659	-345	-827	-1332
660	-190	-872	-707
661	-79	-898	-234
662	150	-870	65
663	324	-812	546
664	528	-916	843
665	579	-944	1113
666	676	-892	1218
667	793	-946	1345
668	824	-1020	1312
669	679	-977	977
670	512	-958	728
671	401	-976	610
672	362	-961	360
673	339	-966	75
674	237	-1066	-308
675	172	-1040	-889
676	89	-1082	-1388
677	35	-1083	-1387
678	72	-1088	-1346
679	124	-1099	-1315
680	205	-1097	-945
681	344	-1117	-425
682	554	-1143	-163
683	696	-1174	441
684	776	-1239	831
685	753	-1245	1136
686	672	-1268	1252
687	601	-1268	1267
688	468	-1289	1140
689	354	-1282	771
690	326	-1321	353
691	445	-1335	-59
692	477	-1328	-467
693	542	-1396	-1190
694	638	-1414	-1518
695	575	-1367	-1719
696	475	-1425	-1958
697	394	-1412	-1496
698	366	-1421	-747
699	348	-1476	152
700	502	-1457	774
701	598	-1518	1303
702	713	-1538	1668
703	899	-1549	1765
704	961	-1571	1348
705	912	-1607	637
706	888	-1600	362
707	729	-1628	-40
708	661	-1665	-385
709	542	-1650	-1072
710	365	-1680	-1221
711	286	-1734	-1160
712	225	-1713	-1099
713	327	-1732	-934
714	415	-1765	-862
715	489	-1835	-533
716	752	-1830	190
717	876	-1919	437
718	960	-1885	578
719	986	-1877	853
720	887	-1943	862
721	797	-1909	964
722	672	-1923	976
723	542	-1969	632
724	471	-1991	176
725	455	-2071	-91
726	488	-2049	-566
727	543	-2083	-908
728	580	-2071	-1141
729	554	-2111	-1231
730	549	-2118	-1174
731	548	-2137	-561
732	503	-2158	-31
733	502	-2181	271
734	593	-2188	615
735	701	-2206	756
736	742	-2224	980
737	768	-2252	1018
738	712	-2297	483
739	634	-2313	233
740	593	-2339	356
741	446	-2378	-119
742	388	-2401	-681
743	395	-2408	-987
744	383	-2439	-1309
745	367	-2428	-1262
746	371	-2455	-962
747	330	-2485	-847
748	362	-2517	-309
749	361	-2563	203
750	459	-2602	865
751	702	-2590	1467
752	871	-2612	1556
753	888	-2599	1560
754	776	-2635	1394
755	634	-2652	517
756	391	-2678	-173
757	147	-2719	-520
758	5	-2737	-977
759	86	-2811	-1152
760	103	-2801	-1227
761	53	-2831	-1487
762	95	-2836	-1480
763	248	-2866	-1126
764	288	-2841	-543
765	257	-2902	223
766	316	-2907	647
767	454	-2910	821
768	559	-2901	1363
769	501	-2883	1578
770	305	-2901	1318
771	286	-2869	1431
772	255	-2897	1125
773	133	-2954	668
774	141	-3024	589
775	154	-3075	-321
776	129	-3078	-1439
777	160	-3101	-1654
778	56	-3062	-1775
779	-174	-3097	-2029
780	-273	-3099	-1396
781	-281	-3106	-666
782	-227	-3130	15
783	-72	-3139	486
784	38	-3165	705
785	139	-3140	996
786	166	-3091	1369
787	209	-3100	1625
788	273	-3098	1423
789	216	-3170	1314
790	93	-3179	1235
791	24	-3215	766
792	-18	-3243	360
793	-149	-3241	-174
794	-334	-3229	-962
795	-428	-3226	-1253
796	-466	-3215	-1238
797	-536	-3247	-1235
798	-584	-3304	-1009
799	-513	-3315	-619
800	-511	-3290	-144
801	-522	-3302	314
802	-430	-3294	982
803	-290	-3285	1166
804	-185	-3326	1144
805	-39	-3274	1525
806	105	-3292	1642
807	63	-3297	1134
808	-183	-3336	591
809	-333	-3274	410
810	-531	-3272	-164
811	-714	-3260	-371
812	-888	-3289	-675
813	-1039	-3327	-1031
814	-931	-3338	-1066
815	-852	-3334	-849
816	-786	-3375	-348
817	-661	-3341	359
818	-596	-3363	427
819	-505	-3299	496
820	-444	-3317	1036
821	-394	-3273	1172
822	-463	-3250	781
823	-560	-3289	931
824	-681	-3266	1157
825	-805	-3222	1043
826	-891	-3262	815
827	-936	-3271	504
828	-962	-3249	195
829	-790	-3277	-55
830	-740	-3270	-12
831	-798	-3291	-155
832	-862	-3278	-553
833	-933	-3244	-725
834	-1055	-3195	-554
835	-1142	-3207	-197
836	-1133	-3207	-28
837	-1129	-3205	41
838	-1063	-3208	485
839	-999	-3184	925
840	-940	-3157	966
841	-868	-3154	917
842	-864	-3163	1007
843	-874	-3130	903
844	-835	-3120	700
845	-916	-3113	661
846	-1156	-3095	403
847	-1284	-3078	207
848	-1272	-3068	306
849	-1309	-3042	491
850	-1329	-3059	142
851	-1237	-3038	-89
852	-1042	-3038	228
853	-1100	-3023	299
854	-1189	-2983	-62
855	-1239	-2964	-175
856	-1387	-2916	-260
857	-1495	-2899	-203
858	-1410	-2910	93
859	-1230	-2900	486
860	-1149	-2907	819
861	-1155	-2909	1070
862	-1113	-2863	1069
863	-1081	-2823	1512
864	-1210	-2769	1507
865	-1324	-2810	709
866	-1195	-2800	683
867	-1154	-2792	771
868	-1369	-2756	237
869	-1454	-2751	-87
870	-1491	-2721	-380
871	-1655	-2697	-515
872	-1677	-2667	-750
873	-1476	-2654	-658
874	-1242	-2667	-295
875	-1215	-2627	164
876	-1215	-2599	551
877	-1194	-2559	982
878	-1243	-2540	1470
879	-1366	-2494	1648
880	-1354	-2508	1526
881	-1260	-2506	1546
882	-1309	-2458	1374
883	-1497	-2473	852
884	-1454	-2489	175
885	-1412	-2422	-180
886	-1483	-2412	-441
887	-1465	-2399	-663
888	-1237	-2356	-740
889	-1166	-2346	-602
890	-1302	-2315	-394
891	-1524	-2269	111
892	-1549	-2278	388
893	-1526	-2218	796
894	-1500	-2231	1161
895	-1315	-2259	1597
896	-1037	-2233	1583
897	-966	-2206	1122
898	-1016	-2177	876
899	-1124	-2179	545
900	-1352	-2122	70
901	-1546	-2128	3
902	-1592	-2112	-283
903	-1495	-2110	-369
904	-1392	-2059	-226
905	-1399	-2073	-65
906	-1367	-2043	-99
907	-1187	-2018	83
908	-1131	-2032	529
909	-1052	-2000	799
910	-982	-1984	896
911	-950	-1966	794
912	-1134	-1919	839
913	-1237	-1861	1057
914	-1214	-1885	988
915	-1324	-1861	517
916	-1306	-1850	240
917	-1175	-1840	121
918	-1008	-1882	-92
919	-1003	-1843	-470
920	-1072	-1811	-657
921	-1078	-1773	-519
922	-1076	-1757	-267
923	-1063	-1750	175
924	-973	-1693	624
925	-914	-1711	962
926	-940	-1708	823
927	-965	-1705	1155
928	-965	-1712	1416
929	-945	-1753	1069
930	-940	-1733	806
931	-786	-1701	626
932	-726	-1715	62
933	-755	-1686	-487
934	-932	-1647	-564
935	-1169	-1618	-1229
936	-1147	-1626	-1176
937	-1065	-1612	-690
938	-993	-1598	-291
939	-778	-1608	-8
940	-593	-1586	480
941	-579	-1545	1099
942	-530	-1509	1377
943	-436	-1520	1531
944	-575	-1567	1496
945	-600	-1562	1458
946	-503	-1570	1178
947	-412	-1550	670
948	-613	-1526	37
949	-712	-1547	-860
950	-673	-1558	-1221
951	-701	-1554	-974
952	-701	-1574	-928
953	-584	-1578	-979
954	-454	-1566	-984
955	-528	-1571	-399
956	-517	-1528	443
957	-493	-1531	711
958	-445	-1502	1083
959	-439	-1505	1437
960	-291	-1498	1394
961	-162	-1530	1218
962	-83	-1556	1325
963	-120	-1572	890
964	-95	-1595	293
965	-120	-1610	218
966	-217	-1570	-92
967	-292	-1595	-665
968	-300	-1593	-1185
969	-424	-1600	-1231
970	-507	-1626	-1122
971	-437	-1624	-1052
972	-379	-1657	-692
973	-420	-1654	-391
974	-303	-1654	36
975	-74	-1660	672
976	76	-1632	1097
977	103	-1652	1168
978	262	-1671	1302
979	406	-1659	1195
980	469	-1690	1160
981	446	-1730	950
982	461	-1760	151
983	306	-1780	-319
984	98	-1751	-365
985	-95	-1782	-404
986	-190	-1796	-791
987	-256	-1839	-1029
988	-268	-1817	-1146
989	-165	-1858	-943
990	46	-1899	-514
991	206	-1896	-186
992	245	-1873	-204
993	344	-1879	347
994	499	-1884	1103
995	613	-1900	1571
996	709	-1934	1761
997	815	-1964	1604
998	719	-2005	1103
999	536	-2025	618
1000	374	-2062	-201
1001	148	-2079	-982
1002	-21	-2098	-1453
1003	-21	-2111	-1425
1004	-14	-2158	-1111
1005	54	-2151	-1164
1006	94	-2191	-1018
1007	210	-2210	-666
1008	338	-2222	-309
1009	678	-2245	217
1010	808	-2279	383
1011	858	-2295	158
1012	847	-2296	836
1013	711	-2335	1366
1014	560	-2334	1095
1015	442	-2396	1012
1016	490	-2420	1028
1017	446	-2466	303
1018	509	-2498	-412
1019	541	-2523	-514
1020	475	-2566	-898
1021	466	-2551	-1234
1022	481	-2611	-1128
1023	515	-2591	-1001
1024	479	-2612	-850
1025	498	-2637	-586
1026	483	-2647	-145
1027	474	-2679	524
1028	547	-2718	699
1029	668	-2749	914
1030	820	-2795	1136
1031	976	-2849	1218
1032	1012	-2849	1019
1033	882	-2871	755
1034	676	-2913	100
1035	463	-2927	-472
1036	259	-2941	-770
1037	171	-2988	-1039
1038	210	-3019	-1466
1039	263	-3049	-1670
1040	337	-3107	-867
1041	441	-3116	-492
1042	647	-3140	54
1043	819	-3139	350
1044	930	-3222	454
1045	844	-3152	942
1046	717	-3212	1363
1047	608	-3232	1399
1048	480	-3255	1264
1049	418	-3318	885
1050	422	-3340	542
1051	446	-3389	-48
1052	473	-3402	-633
1053	376	-3447	-1115
1054	269	-3445	-1535
1055	261	-3479	-1441
1056	216	-3481	-1357
1057	269	-3480	-1201
1058	366	-3524	-823
1059	474	-3539	-293
1060	410	-3560	353
1061	373	-3620	642
1062	353	-3622	783
1063	379	-3637	1131
1064	479	-3695	1440
1065	549	-3692	1449
1066	517	-3706	1354
1067	415	-3751	933
1068	354	-3785	618
1069	195	-3826	224
1070	104	-3844	-573
1071	66	-3838	-1282
1072	13	-3874	-1584
1073	-119	-3900	-1824
1074	-134	-3921	-1421
1075	-35	-3971	-1026
1076	-96	-3942	-867
1077	45	-3980	-77
1078	209	-3980	827
1079	337	-4016	1341
1080	227	-3987	1557
1081	92	-4007	1421
1082	94	-4027	1138
1083	158	-4048	1386
1084	24	-4077	777
1085	-166	-4088	-118
1086	-220	-4079	-240
1087	-234	-4128	-66
1088	-285	-4144	-279
1089	-266	-4183	-299
1090	-90	-4165	-615
1091	-38	-4163	-1001
1092	-80	-4166	-433
1093	-184	-4175	177
1094	-244	-4180	208
1095	-342	-4191	287
1096	-413	-4201	464
1097	-392	-4195	1270
1098	-304	-4204	1750
1099	-360	-4192	1035
1100	-479	-4190	-57
1101	-487	-4216	-495
1102	-438	-4229	-289
1103	-455	-4257	-334
1104	-444	-4274	-566
1105	-472	-4272	-381
1106	-597	-4277	-104
1107	-645	-4212	355
1108	-683	-4213	789
1109	-621	-4219	671
1110	-593	-4209	731
1111	-435	-4251	1343
1112	-482	-4259	1314
1113	-554	-4241	791
1114	-659	-4222	141
1115	-683	-4184	212
1116	-714	-4180	-46
1117	-810	-4216	-247
1118	-925	-4215	-192
1119	-1086	-4231	-134
1120	-1046	-4223	71
1121	-884	-4237	607
1122	-808	-4228	510
1123	-787	-4205	380
1124	-836	-4193	61
1125	-889	-4170	198
1126	-894	-4184	680
1127	-1004	-4194	446
1128	-1030	-4150	-91
1129	-985	-4077	378
1130	-1130	-4079	272
1131	-1226	-4047	448
1132	-1119	-4046	686
1133	-1210	-4013	698
1134	-1053	-4013	747
1135	-794	-4024	1205
1136	-729	-4027	1007
1137	-962	-3991	577
1138	-1144	-4004	471
1139	-1287	-3980	153
1140	-1455	-3983	61
1141	-1487	-3965	62
1142	-1494	-3941	-98
1143	-1498	-3892	-264
1144	-1458	-3901	267
1145	-1344	-3866	219
1146	-1192	-3856	134
1147	-1018	-3844	169
1148	-951	-3798	182
1149	-1126	-3765	234
1150	-1295	-3744	583
1151	-1430	-3725	751
1152	-1569	-3697	872
1153	-1521	-3703	795
1154	-1374	-3721	803
1155	-1251	-3682	1065
1156	-1230	-3672	1130
1157	-1261	-3673	830
1158	-1260	-3608	512
1159	-1286	-3583	46
1160	-1296	-3575	-284
1161	-1487	-3535	-554
1162	-1633	-3469	-725
1163	-1740	-3472	-543
1164	-1712	-3449	88
1165	-1510	-3444	562
1166	-1240	-3413	1112
1167	-1103	-3377	1399
1168	-1077	-3315	1341
1169	-1129	-3339	1297
1170	-1228	-3308	1125
1171	-1290	-3277	904
1172	-1308	-3270	659
1173	-1377	-3222	357
1174	-1418	-3190	-96
1175	-1618	-3175	-172
1176	-1717	-3139	-375
1177	-1666	-3127	-412
1178	-1412	-3127	73
1179	-1205	-3130	215
1180	-1153	-3094	-13
1181	-1187	-3049	620
1182	-1251	-3015	1126
1183	-1297	-2993	1155
1184	-1214	-2979	1273
1185	-1133	-2952	1564
1186	-1133	-2966	970
1187	-1336	-2935	563
1188	-1497	-2937	488
1189	-1535	-2907	-91
1190	-1361	-2876	-343
1191	-1159	-2897	-71
1192	-1163	-2899	-270
1193	-1318	-2803	-694
1194	-1344	-2788	-191
1195	-1416	-2768	-39
1196	-1351	-2748	165
1197	-1144	-2748	558
1198	-948	-2722	599
1199	-957	-2685	838
1200	-933	-2663	1577
1201	-998	-2693	1635
1202	-983	-2671	1260
1203	-861	-2637	1224
1204	-846	-2597	752
1205	-1009	-2583	241
1206	-1152	-2591	-167
1207	-1224	-2608	-827
1208	-1223	-2607	-1241
1209	-1059	-2563	-601
1210	-876	-2561	-218
1211	-909	-2545	-299
1212	-831	-2512	-190
1213	-787	-2452	280
1214	-779	-2459	307
1215	-683	-2462	380
1216	-673	-2475	1016
1217	-799	-2447	866
1218	-784	-2431	1317
1219	-689	-2443	1545
1220	-759	-2464	1047
1221	-678	-2482	567
1222	-503	-2464	380
1223	-491	-2479	156
1224	-524	-2460	222
1225	-558	-2483	205
1226	-658	-2465	-308
1227	-667	-2397	-412
1228	-648	-2412	-467
1229	-668	-2425	-806
1230	-749	-2437	-944
1231	-771	-2432	-795
1232	-715	-2427	-300
1233	-613	-2439	-133
1234	-398	-2500	133
1235	-331	-2494	595
1236	-263	-2475	1207
1237	-187	-2469	1541
1238	-75	-2478	1783
1239	5	-2505	1577
1240	63	-2493	1119
1241	98	-2516	397
1242	25	-2477	-16
1243	-120	-2512	-323
1244	-273	-2548	-704
1245	-360	-2545	-1075
1246	-366	-2567	-1227
1247	-384	-2560	-1111
1248	-388	-2558	-936
1249	-329	-2630	-491
1250	-248	-2594	125
1251	-210	-2619	481
1252	49	-2635	1099
1253	314	-2632	1539
1254	435	-2681	1166
1255	509	-2712	1109
1256	503	-2728	991
1257	456	-2742	371
1258	295	-2744	-336
1259	280	-2790	-138
1260	33	-2720	-782
1261	-132	-2723	-1120
1262	-180	-2767	-1052
1263	-259	-2825	-1139
1264	-88	-2833	-592
1265	171	-2914	497
1266	314	-2938	503
1267	403	-2951	492
1268	590	-2970	699
1269	635	-2965	500
1270	708	-2970	600
1271	798	-3020	812
1272	655	-3040	647
1273	368	-3054	463
1274	191	-3106	423
1275	36	-3108	-76
1276	13	-3077	-405
1277	195	-3180	-654
1278	378	-3227	-868
1279	396	-3251	-1225
1280	459	-3284	-841
1281	504	-3320	-506
1282	421	-3296	-513
1283	517	-3357	80
1284	602	-3348	398
1285	412	-3368	377
1286	507	-3410	955
1287	603	-3455	820
1288	529	-3495	493
1289	680	-3529	527
1290	709	-3572	442
1291	580	-3566	21
1292	512	-3609	-317
1293	541	-3619	-434
1294	536	-3657	-751
1295	647	-3708	-780
1296	631	-3740	-780
1297	395	-3755	-915
1298	259	-3750	-465
1299	293	-3793	-41
1300	266	-3822	-46
1301	492	-3871	554
1302	711	-3908	854
1303	717	-3978	846
1304	709	-4009	1060
1305	763	-4041	890
1306	738	-4043	601
1307	730	-4068	642
1308	627	-4105	562
1309	442	-4137	233
1310	339	-4148	-423
1311	271	-4187	-1123
1312	250	-4211	-1450
1313	163	-4279	-1254
1314	186	-4287	-802
1315	246	-4314	-24
1316	340	-4323	316
1317	476	-4335	115
1318	715	-4397	436
1319	774	-4406	501
1320	621	-4432	441
1321	421	-4466	644
1322	256	-4507	832
1323	185	-4522	952
1324	150	-4600	854
1325	278	-4630	293
1326	329	-4642	-182
1327	182	-4644	-393
1328	43	-4659	-775
1329	62	-4757	-893
1330	33	-4764	-1105
1331	-43	-4756	-809
1332	-131	-4763	-536
1333	-113	-4797	34
1334	-64	-4779	444
1335	34	-4784	472
1336	224	-4839	457
1337	406	-4872	766
1338	297	-4914	883
1339	107	-4901	1047
1340	66	-4913	1044
1341	164	-4939	587
1342	128	-4958	51
1343	-167	-4942	-171
1344	-379	-4919	-129
1345	-517	-4938	-468
1346	-547	-4995	-540
1347	-535	-5057	-401
1348	-417	-5067	-210
1349	-335	-5089	73
1350	-274	-5052	382
1351	-186	-5071	430
1352	-50	-5054	473
1353	46	-5063	575
1354	-64	-5063	478
1355	-238	-5094	740
1356	-410	-5099	775
1357	-545	-5102	602
1358	-602	-5128	493
1359	-578	-5069	99
1360	-633	-5051	-507
1361	-722	-5097	-395
1362	-810	-5114	-131
1363	-792	-5128	-30
1364	-536	-5146	352
1365	-580	-5135	246
1366	-708	-5124	388
1367	-763	-5100	599
1368	-777	-5065	555
1369	-747	-5057	459
1370	-666	-5054	622
1371	-658	-5092	553
1372	-801	-5085	387
1373	-854	-5049	504
1374	-969	-5028	412
1375	-907	-5035	450
1376	-860	-5052	385
1377	-1030	-5008	412
1378	-1143	-4995	305
1379	-1126	-4990	168
1380	-1036	-5024	240
1381	-991	-5016	316
1382	-977	-4990	433
1383	-1045	-4957	668
1384	-1066	-4910	848
1385	-1155	-4933	735
1386	-1036	-4939	600
1387	-918	-4915	462
1388	-1071	-4872	452
1389	-1301	-4860	116
1390	-1349	-4823	3
1391	-1467	-4814	-36
1392	-1548	-4739	-128
1393	-1489	-4779	-47
1394	-1457	-4763	337
1395	-1372	-4750	647
1396	-1269	-4746	657
1397	-1098	-4714	592
1398	-981	-4652	666
1399	-1068	-4612	667
1400	-1287	-4601	458
1401	-1532	-4587	626
1402	-1668	-4557	660
1403	-1597	-4542	486
1404	-1458	-4562	350
1405	-1492	-4523	389
1406	-1492	-4482	436
1407	-1386	-4433	480
1408	-1263	-4430	610
1409	-1102	-4428	709
1410	-1151	-4382	868
1411	-1410	-4351	639
1412	-1615	-4307	419
1413	-1623	-4280	226
1414	-1547	-4299	-94
1415	-1514	-4268	-33
1416	-1608	-4251	310
1417	-1586	-4196	547
1418	-1528	-4180	563
1419	-1348	-4173	706
1420	-1077	-4135	1278
1421	-1058	-4124	1157
1422	-1233	-4068	862
1423	-1428	-4070	759
1424	-1604	-4032	446
1425	-1625	-4022	136
1426	-1545	-3989	79
1427	-1666	-3959	-161
1428	-1680	-3925	-228
1429	-1518	-3909	-100
1430	-1325	-3931	253
1431	-1087	-3915	479
1432	-930	-3861	625
1433	-1067	-3762	807
1434	-1363	-3713	769
1435	-1427	-3691	841
1436	-1316	-3726	917
1437	-1312	-3722	578
1438	-1389	-3685	324
1439	-1470	-3690	193
1440	-1445	-3685	-117
1441	-1241	-3644	-209
1442	-1015	-3670	150
1443	-925	-3623	177
1444	-973	-3583	154
1445	-1198	-3546	262
1446	-1327	-3497	140
1447	-1127	-3505	211
1448	-1077	-3481	576
1449	-1265	-3458	853
1450	-1259	-3489	777
1451	-985	-3461	946
1452	-799	-3455	773
1453	-590	-3432	763
1454	-593	-3422	596
1455	-771	-3404	380
1456	-969	-3384	188
1457	-1072	-3375	31
1458	-995	-3384	-286
1459	-913	-3400	-369
1460	-1015	-3394	-110
1461	-1005	-3375	164
1462	-818	-3338	850
1463	-610	-3347	836
1464	-451	-3330	619
1465	-372	-3340	696
1466	-398	-3289	723
1467	-516	-3293	335
1468	-548	-3298	230
1469	-551	-3331	223
1470	-629	-3335	-342
1471	-753	-3216	-293
1472	-796	-3293	-166
1473	-812	-3293	-330
1474	-569	-3345	-42
1475	-299	-3341	479
1476	-240	-3359	473
1477	-141	-3350	495
1478	-130	-3359	512
1479	-224	-3347	148
1480	-81	-3335	154
1481	-97	-3343	526
1482	-308	-3342	517
1483	-373	-3390	347
1484	-313	-3467	375
1485	-211	-3437	2
1486	-122	-3425	-246
1487	-72	-3463	-432
1488	-146	-3482	-427
1489	-181	-3482	-171
1490	-74	-3478	-156
1491	72	-3494	-88
1492	97	-3512	136
1493	45	-3513	532
1494	-49	-3551	503
1495	75	-3554	772
1496	255	-3587	916
1497	283	-3607	499
1498	289	-3666	82
1499	303	-3675	-93
1500	258	-3695	6
1501	246	-3702	-35
1502	273	-3744	-42
1503	291	-3759	-147
1504	53	-3755	-405
1505	-45	-3777	-152
1506	4	-3813	-184
1507	128	-3858	-268
1508	412	-3919	-17
1509	463	-3919	220
1510	543	-3944	618
1511	607	-3971	731
1512	600	-4014	534
1513	637	-4037	119
1514	516	-4049	233
1515	276	-4082	61
1516	179	-4116	-234
1517	244	-4185	-221
1518	378	-4286	-305
1519	423	-4255	-263
1520	490	-4277	-4
1521	458	-4300	90
1522	457	-4351	-104
1523	569	-4382	-164
1524	576	-4376	-225
1525	423	-4441	-251
1526	322	-4445	-19
1527	337	-4515	290
1528	389	-4543	369
1529	607	-4589	635
1530	672	-4655	420
1531	583	-4651	-326
1532	571	-4694	220
1533	644	-4721	465
1534	617	-4742	-607
1535	560	-4783	-537
1536	306	-4823	-543
1537	105	-4850	-822
1538	205	-4902	-77
1539	361	-4970	412
1540	450	-5004	-119
1541	546	-5035	447
1542	611	-5023	927
1543	462	-5096	555
1544	586	-5120	586
1545	732	-5142	487
1546	553	-5137	152
1547	369	-5208	532
1548	174	-5236	547
1549	151	-5243	148
1550	263	-5325	89
1551	348	-5344	-224
1552	184	-5371	-591
1553	142	-5421	-669
1554	261	-5473	-653
1555	356	-5494	-732
1556	385	-5532	-484
1557	143	-5480	-121
1558	-108	-5544	22
1559	-68	-5529	419
1560	103	-5562	524
1561	286	-5622	376
1562	249	-5635	623
1563	73	-5655	628
1564	27	-5666	639
1565	301	-5720	576
1566	437	-5736	240
1567	122	-5720	-15
1568	-236	-5757	-26
1569	-311	-5770	359
1570	-367	-5764	33
1571	-314	-5804	-57
1572	-329	-5847	163
1573	-395	-5861	415
1574	-301	-5858	714
1575	-14	-5909	931
1576	90	-5945	607
1577	64	-5940	-25
1578	-66	-5929	-248
1579	-280	-5960	-213
1580	-430	-5923	-218
1581	-513	-5966	-280
1582	-533	-5939	-1
1583	-800	-5968	-29
1584	-978	-5939	265
1585	-860	-5985	685
1586	-714	-6016	186
1587	-621	-6031	8
1588	-535	-6018	-21
1589	-564	-6017	9
1590	-519	-5984	535
1591	-444	-6005	662
1592	-408	-6041	660
1593	-586	-5984	859
1594	-798	-5986	1218
1595	-859	-5972	1217
1596	-832	-5979	1026
1597	-841	-6003	582
1598	-929	-5977	568
1599	-986	-5972	569
1600	-1005	-5980	292
1601	-852	-5995	-7
1602	-749	-6009	-83
1603	-895	-5924	9
1604	-1075	-5908	223
1605	-1148	-5892	432
1606	-1181	-5896	85
1607	-1190	-5896	97
1608	-1219	-5867	381
1609	-1316	-5884	504
1610	-1397	-5844	426
1611	-1256	-5840	281
1612	-1012	-5809	523
1613	-1083	-5794	572
1614	-1249	-5759	573
1615	-1168	-5710	749
1616	-1212	-5728	438
1617	-1294	-5711	385
1618	-1302	-5672	707
1619	-1436	-5654	631
1620	-1629	-5624	407
1621	-1594	-5630	362
1622	-1309	-5618	513
1623	-1304	-5581	435
1624	-1483	-5558	529
1625	-1425	-5540	702
1626	-1225	-5489	856
1627	-1207	-5455	643
1628	-1280	-5415	826
1629	-1441	-5380	652
1630	-1616	-5373	739
1631	-1536	-5336	619
1632	-1439	-5344	435
1633	-1479	-5301	146
1634	-1676	-5234	-130
1635	-1877	-5234	-580
1636	-1651	-5228	-408
1637	-1311	-5189	159
1638	-1351	-5138	565
1639	-1455	-5142	928
1640	-1449	-5116	1303
1641	-1386	-5044	1363
1642	-1372	-5022	1280
1643	-1382	-4956	1428
1644	-1559	-4951	1162
1645	-1756	-4963	393
1646	-1616	-4962	-35
1647	-1346	-4929	-291
1648	-1334	-4879	-410
1649	-1465	-4826	49
1650	-1623	-4797	256
1651	-1527	-4779	-121
1652	-1241	-4743	90
1653	-1305	-4679	288
1654	-1591	-4668	601
1655	-1700	-4674	1012
1656	-1393	-4709	1125
1657	-1076	-4685	1058
1658	-994	-4629	1225
1659	-1130	-4586	1444
1660	-1334	-4598	665
1661	-1055	-4592	501
1662	-904	-4614	287
1663	-1234	-4540	-326
1664	-1541	-4488	-557
1665	-1638	-4483	-301
1666	-1443	-4500	-801
1667	-1244	-4447	-766
1668	-1003	-4419	262
1669	-1148	-4452	708
1670	-1087	-4417	507
1671	-882	-4381	883
1672	-745	-4359	724
1673	-812	-4283	312
1674	-1043	-4269	922
1675	-1130	-4284	949
1676	-922	-4300	915
1677	-698	-4300	1376
1678	-771	-4280	1460
1679	-802	-4297	1085
1680	-732	-4267	713
1681	-655	-4273	435
1682	-588	-4268	-154
1683	-575	-4270	-425
1684	-763	-4294	-690
1685	-1039	-4301	-1270
1686	-944	-4271	-1284
1687	-786	-4247	-1245
1688	-954	-4228	-1232
1689	-870	-4220	-740
1690	-646	-4237	282
1691	-461	-4213	877
1692	-141	-4223	1647
1693	-114	-4275	2331
1694	-94	-4280	2362
1695	42	-4278	2182
1696	239	-4293	2089
1697	334	-4283	1524
1698	94	-4287	593
1699	-58	-4299	139
1700	-243	-4303	-484
1701	-267	-4349	-1115
1702	-300	-4391	-1804
1703	-587	-4374	-2005
1704	-760	-4413	-1863
1705	-729	-4411	-1554
1706	-489	-4428	-902
1707	-274	-4464	330
1708	-118	-4500	1351
1709	58	-4479	1730
1710	369	-4527	1587
1711	790	-4574	1378
1712	984	-4586	1405
1713	758	-4601	701
1714	517	-4573	451
1715	268	-4583	44
1716	5	-4609	-657
1717	-127	-4630	-478
1718	-281	-4683	-345
1719	-379	-4687	-772
1720	-182	-4752	-1044
1721	167	-4820	-752
1722	216	-4842	-662
1723	270	-4873	-305
1724	445	-4927	455
1725	691	-4915	424
1726	834	-4900	639
1727	747	-4930	1039
1728	423	-4951	928
1729	344	-5014	1238
1730	498	-5073	1554
1731	486	-5137	510
1732	355	-5176	-503
1733	366	-5214	-556
1734	188	-5229	-1167
1735	260	-5307	-1450
1736	520	-5312	-852
1737	366	-5348	-644
1738	207	-5363	-60
1739	407	-5399	390
1740	514	-5437	-113
1741	709	-5449	363
1742	655	-5551	876
1743	528	-5580	519
1744	619	-5601	586
1745	780	-5647	732
1746	504	-5684	378
1747	333	-5713	611
1748	285	-5712	862
1749	222	-5808	423
1750	427	-5860	191
1751	585	-5898	-265
1752	384	-5915	-792
1753	284	-5949	-450
1754	410	-5991	-705
1755	394	-6015	-1483
1756	310	-6022	-839
1757	166	-6074	-361
1758	47	-6070	-186
1759	172	-6149	174
1760	423	-6185	615
1761	370	-6223	718
1762	164	-6247	1183
1763	202	-6265	1582
1764	376	-6314	1484
1765	640	-6373	993
1766	516	-6406	406
1767	143	-6395	106
1768	-78	-6407	-70
1769	-13	-6464	-517
1770	76	-6488	-1051
1771	-79	-6510	-749
1772	-254	-6535	-441
1773	-255	-6589	-2
1774	198	-6597	119
1775	378	-6625	4
1776	165	-6575	72
1777	-330	-6605	496
1778	-362	-6665	514
1779	-127	-6668	317
1780	-208	-6717	313
1781	-423	-6710	350
1782	-546	-6754	504
1783	-353	-6778	333
1784	-185	-6807	104
1785	-147	-6815	311
1786	-296	-6815	623
1787	-336	-6834	596
1788	-191	-6849	317
1789	-63	-6842	-84
1790	-313	-6788	-379
1791	-595	-6798	34
1792	-677	-6791	459
1793	-709	-6784	106
1794	-761	-6805	186
1795	-874	-6855	690
1796	-989	-6849	998
1797	-854	-6845	1165
1798	-580	-6880	815
1799	-602	-6855	557
1800	-803	-6855	434
1801	-806	-6842	130
1802	-698	-6843	-92
1803	-724	-6824	-213
1804	-943	-6820	-616
1805	-1170	-6811	-437
1806	-1277	-6749	277
1807	-1234	-6784	407
1808	-1094	-6770	822
1809	-1153	-6751	1170
1810	-1217	-6758	1258
1811	-938	-6767	1274
1812	-669	-6762	875
1813	-765	-6733	683
1814	-1164	-6659	599
1815	-1292	-6637	237
1816	-1270	-6655	256
1817	-1328	-6609	157
1818	-1485	-6571	10
1819	-1561	-6602	-48
1820	-1526	-6597	33
1821	-1352	-6585	269
1822	-1061	-6575	856
1823	-1213	-6497	814
1824	-1456	-6463	702
1825	-1391	-6439	1140
1826	-1199	-6400	998
1827	-1393	-6385	324
1828	-1670	-6294	385
1829	-1634	-6352	641
1830	-1450	-6326	321
1831	-1317	-6277	118
1832	-1442	-6237	222
1833	-1677	-6200	258
1834	-1670	-6179	231
1835	-1378	-6176	894
1836	-1269	-6112	827
1837	-1489	-6059	484
1838	-1571	-6035	507
1839	-1399	-6010	936
1840	-1224	-6012	989
1841	-1356	-5940	767
1842	-1674	-5903	1028
1843	-1818	-5901	759
1844	-1614	-5889	458
1845	-1359	-5851	158
1846	-1487	-5818	255
1847	-1644	-5765	340
1848	-1547	-5775	270
1849	-1306	-5727	225
1850	-1183	-5702	441
1851	-1493	-5660	450
1852	-1827	-5620	186
1853	-1620	-5609	417
1854	-1315	-5624	531
1855	-1397	-5521	228
1856	-1616	-5524	419
1857	-1580	-5496	872
1858	-1299	-5488	817
1859	-1046	-5476	620
1860	-1068	-5433	1017
1861	-1423	-5395	872
1862	-1496	-5381	712
1863	-985	-5338	721
1864	-958	-5292	451
1865	-1491	-5260	162
1866	-1754	-5240	255
1867	-1296	-5269	452
1868	-865	-5286	32
1869	-996	-5232	-421
1870	-1276	-5225	-306
1871	-1066	-5184	-1
1872	-765	-5136	-82
1873	-810	-5072	-91
1874	-1137	-5085	267
1875	-1237	-5110	1114
1876	-1045	-5138	1513
1877	-911	-5098	1395
1878	-889	-5071	1883
1879	-901	-5074	1509
1880	-822	-5075	908
1881	-556	-5064	486
1882	-416	-5068	-401
1883	-665	-5060	-1581
1884	-922	-5070	-938
1885	-937	-5092	-647
1886	-914	-5066	-1035
1887	-922	-5039	-270
1888	-1006	-5067	548
1889	-888	-5090	701
1890	-566	-5146	1020
1891	-204	-5139	1541
1892	-131	-5101	867
1893	-196	-5124	806
1894	-74	-5132	931
1895	87	-5151	518
1896	-53	-5109	-14
1897	-264	-5109	-133
1898	-498	-5148	-198
1899	-480	-5176	-379
1900	-195	-5171	-230
1901	-447	-5191	-357
1902	-599	-5195	-354
1903	-300	-5273	-252
1904	14	-5323	-69
1905	43	-5307	-87
1906	102	-5287	605
1907	107	-5312	914
1908	133	-5336	707
1909	362	-5325	1054
1910	468	-5343	1135
1911	178	-5372	195
1912	96	-5414	21
1913	270	-5418	33
1914	299	-5480	-803
1915	14	-5459	-1045
1916	-157	-5506	-418
1917	-200	-5553	-501
1918	12	-5590	-592
1919	215	-5605	-48
1920	142	-5660	384
1921	249	-5700	864
1922	459	-5699	1362
1923	752	-5804	1006
1924	757	-5786	1243
1925	553	-5811	1436
1926	467	-5870	889
1927	623	-5906	70
1928	618	-5957	-435
1929	295	-5972	-601
1930	66	-6028	-1037
1931	79	-6072	-1283
1932	135	-6078	-1516
1933	107	-6132	-1187
1934	69	-6178	-155
1935	252	-6235	445
1936	538	-6291	699
1937	851	-6325	910
1938	719	-6348	663
1939	561	-6361	693
1940	637	-6420	924
1941	743	-6459	780
1942	525	-6494	915
1943	214	-6559	1043
1944	34	-6632	942
1945	217	-6671	275
1946	366	-6765	-545
1947	303	-6748	-887
1948	231	-6747	-1046
1949	495	-6804	-1080
1950	568	-6856	-673
1951	277	-6836	-504
1952	36	-6854	68
1953	-3	-6810	341
1954	22	-6848	475
1955	203	-7014	237
1956	376	-7070	205
1957	372	-7050	766
1958	251	-7075	1142
1959	458	-7141	1235
1960	682	-7238	1081
1961	334	-7218	320
1962	-149	-7195	109
1963	-197	-7261	-4
1964	-71	-7319	-738
1965	-125	-7412	-594
1966	-293	-7365	-319
1967	-473	-7369	-564
1968	-177	-7425	-563
1969	242	-7501	-526
1970	244	-7472	-456
1971	-90	-7464	307
1972	-120	-7487	926
1973	289	-7550	899
1974	286	-7513	955
1975	-351	-7447	1310
1976	-735	-7453	994
1977	-463	-7521	402
1978	-351	-7589	145
1979	-697	-7629	461
1980	-749	-7632	271
1981	-553	-7682	-232
1982	-196	-7695	-640
1983	-370	-7653	-493
1984	-712	-7644	-161
1985	-628	-7638	288
1986	-307	-7641	561
1987	-376	-7653	495
1988	-720	-7642	907
1989	-826	-7655	1268
1990	-741	-7648	1083
1991	-623	-7637	557
1992	-902	-7625	408
1993	-1228	-7619	322
1994	-1076	-7657	140
1995	-755	-7636	-270
1996	-993	-7594	-437
1997	-1340	-7583	-438
1998	-1338	-7625	-423
1999	-948	-7621	234
2000	-910	-7589	698
2001	-1218	-7522	1161
2002	-1240	-7538	1287
2003	-885	-7535	1690
2004	-719	-7504	1818
2005	-998	-7469	1057
2006	-1240	-7482	612
2007	-1291	-7485	395
2008	-1225	-7471	-91
2009	-1355	-7414	-331
2010	-1700	-7337	-310
2011	-1879	-7326	-383
2012	-1516	-7398	-67
2013	-1231	-7353	547
2014	-1562	-7296	541
2015	-1606	-7256	742
2016	-1262	-7277	1135
2017	-1061	-7243	1316
2018	-1280	-7154	1567
2019	-1499	-7115	1305
2020	-1605	-7091	1138
2021	-1337	-7117	1284
2022	-1315	-7078	1013
2023	-1561	-7015	742
2024	-1730	-6995	238
2025	-1515	-7022	-371
2026	-1424	-6964	-1014
2027	-1759	-6853	-858
2028	-2022	-6815	-203
2029	-1798	-6796	427
2030	-1317	-6749	1097
2031	-1246	-6726	1560
2032	-1511	-6690	1560
2033	-1456	-6657	1263
2034	-1157	-6681	1139
2035	-1208	-6634	1227
2036	-1649	-6558	729
2037	-1983	-6553	708
2038	-1779	-6549	930
2039	-1508	-6533	545
2040	-1659	-6514	-56
2041	-1733	-6467	-109
2042	-1520	-6471	-450
2043	-1149	-6458	-506
2044	-1130	-6387	-20
2045	-1606	-6305	49
2046	-1888	-6257	209
2047	-1464	-6267	518
2048	-1134	-6239	396
2049	-1564	-6168	542
2050	-1752	-6169	1200
2051	-1293	-6201	1624
2052	-801	-6210	1715
2053	-1038	-6158	1753
2054	-1451	-6109	1597
2055	-1350	-6071	937
2056	-751	-6071	473
2057	-923	-6074	61
2058	-1538	-6042	-653
2059	-1625	-5997	-807
2060	-1027	-6010	-913
2061	-1112	-5981	-1524
2062	-1627	-5938	-933
2063	-1468	-5956	-196
2064	-862	-5944	-42
2065	-745	-5915	556
2066	-770	-5896	1224
2067	-718	-5883	1128
2068	-564	-5861	1285
2069	-379	-5820	1735
2070	-508	-5820	1299
2071	-869	-5826	720
2072	-907	-5870	485
2073	-615	-5886	381
2074	-608	-5847	39
2075	-871	-5833	-82
2076	-857	-5876	277
2077	-531	-5896	97
2078	-249	-5923	-75
2079	-378	-5905	174
2080	-578	-5910	-299
2081	-377	-5921	-692
2082	-226	-5926	3
2083	-431	-5891	648
2084	-676	-5898	1414
2085	-496	-5956	1462
2086	-142	-6034	640
2087	-105	-6043	225
2088	-283	-6038	449
2089	-293	-6055	-38
2090	-71	-6075	-978
2091	104	-6080	-938
2092	-225	-6065	-929
2093	-399	-6100	-766
2094	-81	-6125	-277
2095	73	-6185	-52
2096	-139	-6208	414
2097	-74	-6249	1624
2098	105	-6306	1757
2099	402	-6345	1257
2100	581	-6403	1253
2101	374	-6403	1353
2102	379	-6459	618
2103	718	-6496	-7
2104	808	-6491	-86
2105	184	-6481	-417
2106	-83	-6521	-387
2107	68	-6583	-985
2108	12	-6585	-1944
2109	-307	-6615	-1116
2110	-372	-6685	-172
2111	-8	-6736	16
2112	307	-6728	304
2113	684	-6825	1236
2114	674	-6868	1252
2115	715	-6929	788
2116	948	-6949	606
2117	840	-6948	202
2118	438	-6943	232
2119	60	-7005	469
2120	38	-7078	299
2121	154	-7148	-625
2122	164	-7188	-679
2123	-9	-7267	5
2124	160	-7299	114
2125	628	-7355	-343
2126	938	-7384	-13
2127	600	-7394	470
2128	318	-7407	350
2129	501	-7471	-11
2130	549	-7467	246
2131	137	-7520	474
2132	-105	-7546	453
2133	72	-7636	702
2134	473	-7712	487
2135	396	-7758	88
2136	188	-7765	637
2137	251	-7838	57
2138	515	-7913	-924
2139	513	-7897	-496
2140	15	-7887	-321
2141	-234	-7940	-91
2142	-60	-7983	264
2143	14	-8002	-123
2144	-258	-7986	-32
2145	-307	-8025	795
2146	57	-8123	675
2147	391	-8175	153
2148	378	-8161	629
2149	60	-8165	1070
2150	221	-8190	610
2151	501	-8192	285
2152	279	-8191	518
2153	-397	-8192	461
2154	-563	-8192	628
2155	-182	-8192	133
2156	-245	-8192	-561
2157	-808	-8192	-610
2158	-925	-8192	366
2159	-410	-8186	282
2160	-266	-8192	-571
2161	-740	-8192	345
2162	-868	-8192	1140
2163	-415	-8192	258
2164	-119	-8192	66
2165	-528	-8192	539
2166	-944	-8192	513
2167	-615	-8192	0
2168	-139	-8192	62
2169	-670	-8192	472
2170	-1218	-8192	539
2171	-923	-8192	363
2172	-638	-8192	15
2173	-1187	-8192	317
2174	-1528	-8192	909
2175	-997	-8192	847
2176	-595	-8192	771
2177	-960	-8192	1266
2178	-1253	-8192	1791
2179	-839	-8192	1183
2180	-451	-8192	1072
2181	-906	-8192	1160
2182	-1245	-8192	936
2183	-1051	-8192	173
2184	-931	-8192	-1280
2185	-1724	-8192	-1677
2186	-2263	-8192	-1028
2187	-2065	-8192	-990
2188	-1503	-8192	-332
2189	-1558	-8192	689
2190	-1709	-8178	974
2191	-1252	-8192	601
2192	-700	-8192	1197
2193	-816	-8147	1955
2194	-1207	-8085	1830
2195	-1239	-8064	1577
2196	-1140	-8069	1714
2197	-1403	-8020	1665
2198	-2025	-7952	1023
2199	-2239	-8002	198
2200	-1709	-8030	-175
2201	-1530	-7994	-302
2202	-1839	-7944	-629
2203	-1738	-7914	-543
2204	-1152	-7870	-106
2205	-1059	-7791	128
2206	-1631	-7688	321
2207	-1995	-7685	795
2208	-1464	-7696	1733
2209	-1271	-7639	1800
2210	-1762	-7580	1957
2211	-2018	-7576	2010
2212	-1485	-7628	1494
2213	-1165	-7607	390
2214	-1640	-7519	-134
2215	-1986	-7492	107
2216	-1526	-7497	-319
2217	-1285	-7456	-1030
2218	-1701	-7367	-500
2219	-2252	-7311	-84
2220	-1884	-7325	115
2221	-1123	-7326	1019
2222	-1165	-7249	1629
2223	-1650	-7189	1350
2224	-1320	-7190	1561
2225	-675	-7196	1991
2226	-998	-7127	1190
2227	-1643	-7025	747
2228	-1529	-7034	1228
2229	-1093	-7082	53
2230	-1464	-7005	-917
2231	-2158	-6975	-198
2232	-1939	-7034	-306
2233	-1122	-7056	-941
2234	-937	-6976	-397
2235	-1451	-6899	410
2236	-1220	-6899	322
2237	-352	-6905	1022
2238	-439	-6799	1435
2239	-1232	-6765	1394
2240	-1173	-6806	1300
2241	-689	-6846	1101
2242	-1024	-6827	722
2243	-1581	-6793	762
2244	-1289	-6872	497
2245	-691	-6892	-487
2246	-680	-6798	-823
2247	-968	-6763	-349
2248	-666	-6783	-174
2249	-323	-6793	-784
2250	-436	-6736	-430
2251	-982	-6722	541
2252	-895	-6737	654
2253	-377	-6767	839
2254	-467	-6770	1042
2255	-886	-6788	1388
2256	-630	-6863	1498
2257	-12	-6905	1297
2258	-67	-6921	608
2259	-372	-6889	476
2260	-296	-6896	291
2261	22	-6891	-604
2262	-11	-6865	-895
2263	-449	-6883	-475
2264	-583	-6918	-654
2265	-233	-6968	-812
2266	-177	-6964	-358
2267	-593	-6989	155
2268	-492	-7009	317
2269	18	-7087	467
2270	219	-7095	822
2271	85	-7124	1509
2272	264	-7208	2131
2273	776	-7243	1297
2274	818	-7245	448
2275	345	-7218	666
2276	90	-7241	153
2277	349	-7299	-1102
2278	192	-7319	-1692
2279	-481	-7341	-875
2280	-718	-7422	-684
2281	-211	-7530	-863
2282	24	-7540	-261
2283	-234	-7549	522
2284	64	-7628	925
2285	893	-7718	736
2286	1275	-7712	543
2287	887	-7723	1382
2288	769	-7764	2027
2289	1023	-7810	895
2290	701	-7777	164
2291	-18	-7819	1181
2292	-358	-7910	341
2293	-110	-7998	-1022
2294	224	-8072	-1340
2295	-218	-8110	-1092
2296	-282	-8170	-1125
2297	538	-8185	-1155
2298	814	-8190	-875
2299	272	-8192	215
2300	273	-8192	1059
2301	758	-8192	1019
2302	695	-8192	1347
2303	148	-8192	2621
2304	97	-8192	2679
2305	499	-8192	935
2306	591	-8192	74
2307	134	-8192	-24
2308	-241	-8192	-550
2309	236	-8192	-1150
2310	420	-8192	-1777
2311	-223	-8192	-1550
2312	-465	-8192	-804
2313	-73	-8192	-1028
2314	29	-8192	-1297
2315	-414	-8192	-38
2316	-528	-8192	899
2317	0	-8192	1060
2318	466	-8192	1398
2319	115	-8192	2090
2320	-203	-8192	2221
2321	306	-8192	1622
2322	749	-8192	1220
2323	-25	-8192	586
2324	-682	-8192	305
2325	-424	-8192	-734
2326	-355	-8192	-1212
2327	-845	-8192	-671
2328	-1219	-8192	-602
2329	-855	-8192	-1516
2330	-560	-8192	-1729
2331	-932	-8192	-152
2332	-1081	-8192	1071
2333	-416	-8192	1398
2334	21	-8192	1394
2335	-460	-8181	1814
2336	-657	-8192	1714
2337	-145	-8192	702
2338	-152	-8192	12
2339	-911	-8192	356
2340	-1315	-8192	533
2341	-876	-8192	-151
2342	-1088	-8192	-329
2343	-1841	-8192	-42
2344	-1655	-8192	566
2345	-711	-8192	501
2346	-901	-8192	695
2347	-1484	-8192	2443
2348	-850	-8192	2463
2349	-185	-8192	714
2350	-758	-8192	443
2351	-1703	-8192	524
2352	-1467	-8192	-411
2353	-1069	-8192	-1316
2354	-2112	-8192	-1235
2355	-2764	-8192	-412
2356	-1561	-8192	-581
2357	-1098	-8192	-596
2358	-2026	-8192	147
2359	-1671	-8192	1547
2360	-615	-8192	1930
2361	-671	-8192	1844
2362	-1449	-8192	2804
2363	-1368	-8192	3349
2364	-659	-8192	2201
2365	-1102	-8192	1264
2366	-2232	-8192	1576
2367	-2120	-8192	330
2368	-1515	-8192	-1386
2369	-2035	-8192	-1633
2370	-2769	-8192	-1433
2371	-2085	-8192	-1833
2372	-1108	-8192	-945
2373	-1425	-8192	81
2374	-2115	-8192	454
2375	-1339	-8192	1561
2376	-730	-8192	2475
2377	-1573	-8192	2313
2378	-2378	-8192	2586
2379	-1500	-8192	2696
2380	-826	-8192	2071
2381	-1848	-8192	1397
2382	-2283	-8192	1409
2383	-1302	-8192	502
2384	-1080	-8192	-1096
2385	-2036	-8192	-1531
2386	-2504	-8192	-1284
2387	-1558	-8188	-1792
2388	-1128	-8189	-1925
2389	-2074	-8174	-876
2390	-2122	-8183	1114
2391	-1064	-8192	1554
2392	-861	-8148	1245
2393	-1604	-8038	2279
2394	-1579	-8036	2811
2395	-725	-8100	2438
2396	-774	-8039	2026
2397	-1778	-7985	1880
2398	-1664	-8044	1137
2399	-873	-8071	-268
2400	-1283	-7973	-1247
2401	-2183	-7939	-1518
2402	-1555	-7959	-1513
2403	-700	-7976	-1517
2404	-1313	-7885	-777
2405	-1507	-7943	344
2406	-658	-7946	503
2407	-450	-7834	463
2408	-1175	-7718	1342
2409	-1320	-7739	2028
2410	-533	-7793	1448
2411	-433	-7783	1209
2412	-1193	-7748	1622
2413	-882	-7838	1267
2414	-207	-7919	314
2415	-624	-7841	-183
2416	-1001	-7841	205
2417	-569	-7845	-526
2418	-220	-7812	-1448
2419	-806	-7774	-862
2420	-1220	-7839	-310
2421	-584	-7911	-1154
2422	-380	-7871	-934
2423	-1037	-7858	435
2424	-1010	-7898	890
2425	-192	-7983	957
2426	66	-7953	1672
2427	-365	-7943	2243
2428	-85	-8049	1951
2429	863	-8133	735
2430	690	-8086	148
2431	-189	-8042	1316
2432	35	-8102	955
2433	523	-8145	-995
2434	-88	-8115	-1117
2435	-779	-8111	22
2436	-473	-8192	-1068
2437	-186	-8192	-2323
2438	-616	-8191	-348
2439	-841	-8176	1026
2440	-149	-8192	-418
2441	625	-8192	-522
2442	256	-8190	1474
2443	205	-8192	2154
2444	1454	-8192	899
2445	1401	-8192	-89
2446	64	-8192	873
2447	40	-8192	1400
2448	679	-8192	-720
2449	-4	-8192	-413
2450	-825	-8192	936
2451	-427	-8192	80
2452	416	-8192	-1113
2453	77	-8192	366
2454	-262	-8192	1455
2455	803	-8192	187
2456	1489	-8192	-652
2457	530	-8192	334
2458	93	-8192	1124
2459	864	-8192	-49
2460	511	-8192	220
2461	-455	-8192	1721
2462	-358	-8192	1097
2463	280	-8192	-1381
2464	18	-8192	-941
2465	-632	-8192	271
2466	-169	-8192	-529
2467	808	-8192	-1485
2468	305	-8192	-376
2469	-202	-8192	883
2470	545	-8192	370
2471	670	-8192	-591
2472	-220	-8192	1130
2473	-512	-8192	2069
2474	54	-8192	765
2475	397	-8192	125
2476	-190	-8192	996
2477	-449	-8192	880
2478	258	-8192	-260
2479	416	-8192	-721
2480	-496	-8192	-211
2481	-642	-8192	-318
2482	-328	-8192	-1205
2483	-558	-8192	-608
2484	-1028	-8192	901
2485	-772	-8192	1311
2486	-169	-8192	721
2487	-249	-8192	1227
2488	-372	-8192	1524
2489	86	-8192	258
2490	235	-8192	-462
2491	-453	-8192	513
2492	-750	-8192	851
2493	-659	-8192	-141
2494	-877	-8192	64
2495	-1526	-8192	657
2496	-1378	-8192	472
2497	-833	-8192	-290
2498	-1333	-8192	-268
2499	-1371	-8192	572
2500	-611	-8192	327
2501	-530	-8192	-766
2502	-1103	-8192	135
2503	-1007	-8192	1045
2504	-560	-8192	568
2505	-918	-8192	251
2506	-1566	-8192	1117
2507	-1230	-8192	1303
2508	-1140	-8192	268
2509	-1952	-8192	619
2510	-1842	-8192	1763
2511	-945	-8192	695
2512	-1227	-8192	-356
2513	-1864	-8192	218
2514	-1081	-8192	505
2515	-661	-8192	-340
2516	-1605	-8192	149
2517	-2152	-8192	1176
2518	-1458	-8192	1021
2519	-1454	-8192	724
2520	-2525	-8192	1036
2521	-1931	-8192	984
2522	-903	-8192	574
2523	-1392	-8192	349
2524	-1981	-8192	351
2525	-1205	-8192	582
2526	-635	-8192	521
2527	-1739	-8192	53
2528	-2460	-8192	494
2529	-1518	-8192	880
2530	-1756	-8192	584
2531	-2851	-8192	249
2532	-2198	-8192	1185
2533	-1051	-8192	1299
2534	-1587	-8192	504
2535	-2170	-8192	939
2536	-1305	-8192	1484
2537	-764	-8192	926
2538	-1708	-8192	526
2539	-2065	-8192	1216
2540	-1316	-8192	1672
2541	-1265	-8192	770
2542	-2139	-8192	-80
2543	-1974	-8192	540
2544	-1337	-8192	155
2545	-1777	-8192	-469
2546	-2111	-8192	244
2547	-1365	-8192	1203
2548	-1088	-8192	605
2549	-1621	-8192	313
2550	-1795	-8192	439
2551	-1139	-8192	40
2552	-1145	-8192	-554
2553	-1796	-8192	140
2554	-1499	-8192	1092
2555	-1000	-8192	977
2556	-1425	-8192	465
2557	-1508	-8192	1018
2558	-905	-8192	1234
2559	-822	-8192	1148
2560	-1356	-8192	1430
2561	-883	-8192	1386
2562	-609	-8192	82
2563	-1084	-8192	-288
2564	-1246	-8192	362
2565	-779	-8192	-391
2566	-840	-8192	-865
2567	-1391	-8192	-110
2568	-1123	-8192	88
2569	-660	-8192	-233
2570	-924	-8192	441
2571	-1129	-8192	965
2572	-598	-8192	80
2573	-266	-8192	476
2574	-673	-8192	1468
2575	-638	-8192	1101
2576	22	-8192	335
2577	-128	-8192	427
2578	-710	-8192	354
2579	-272	-8192	-284
2580	-17	-8192	-1144
2581	-621	-8192	-728
2582	-950	-8192	340
2583	-441	-8192	-826
2584	-262	-8192	-1043
2585	-732	-8192	901
2586	-374	-8192	1562
2587	337	-8192	597
2588	276	-8192	1396
2589	126	-8192	2857
2590	734	-8192	1486
2591	896	-8192	-350
2592	58	-8192	522
2593	-108	-8192	752
2594	101	-8192	-1467
2595	-308	-8192	-1388
2596	-731	-8192	378
2597	-545	-8192	-410
2598	-61	-8192	-1421
2599	-207	-8192	317
2600	-222	-8192	372
2601	488	-8192	-1232
2602	774	-8192	-669
2603	214	-8192	1165
2604	606	-8192	1550
2605	963	-8192	359
2606	245	-8192	1553
2607	-37	-8192	2629
2608	565	-8192	1187
2609	382	-8192	330
2610	-240	-8192	1566
2611	20	-8192	384
2612	462	-8192	-1799
2613	32	-8192	-935
2614	-201	-8192	303
2615	497	-8192	-1553
2616	411	-8192	-2348
2617	-288	-8192	-28
2618	-171	-8192	25
2619	124	-8192	-749
2620	-380	-8192	502
2621	-491	-8192	2361
2622	222	-8192	1361
2623	405	-8192	492
2624	32	-8192	2334
2625	197	-8192	2438
2626	644	-8192	496
2627	433	-8192	588
2628	-168	-8192	1023
2629	-117	-8192	-683
2630	-200	-8192	-1660
2631	-676	-8192	-975
2632	-901	-8192	-662
2633	-637	-8192	-1376
2634	-622	-8192	-1213
2635	-753	-8192	91
2636	-570	-8192	23
2637	-228	-8192	-128
2638	-407	-8192	728
2639	-465	-8192	2656
2640	-237	-8192	2458
2641	-385	-8192	2383
2642	-517	-8192	3118
2643	-348	-8192	2205
2644	-364	-8192	480
2645	-753	-8192	-476
2646	-833	-8192	-507
2647	-886	-8192	-1412
2648	-1481	-8192	-1975
2649	-1879	-8192	-1669
2650	-1493	-8192	-1471
2651	-1602	-8192	-1309
2652	-2073	-8192	-837
2653	-1327	-8192	694
2654	-847	-8192	1552
2655	-1135	-8192	1778
2656	-912	-8192	2860
2657	-309	-8192	3442
2658	-537	-8192	2358
2659	-1159	-8192	2111
2660	-1070	-8192	1916
2661	-1013	-8192	444
2662	-1792	-8192	-284
2663	-2278	-8192	-163
2664	-1822	-8192	-503
2665	-2129	-8192	-1115
2666	-2679	-8192	-1484
2667	-1829	-8192	-991
2668	-1283	-8192	-764
2669	-2089	-8192	-785
2670	-1570	-8192	1030
2671	-733	-8192	2053
2672	-1399	-8192	1945
2673	-1879	-8192	2898
2674	-1006	-8192	2817
2675	-1053	-8192	1919
2676	-2212	-8192	1027
2677	-2278	-8192	1597
2678	-1654	-8192	1719
2679	-2167	-8192	575
2680	-2612	-8192	-482
2681	-1748	-8192	-587
2682	-1397	-8192	-1426
2683	-1932	-8192	-1723
2684	-1683	-8192	2
2685	-1035	-8192	1198
2686	-1494	-8192	1140
2687	-1978	-8192	1348
2688	-1741	-8192	2168
2689	-1936	-8192	1596
2690	-2366	-8192	1454
2691	-2004	-8192	1980
2692	-1443	-8192	2071
2693	-1779	-8192	851
2694	-1778	-8192	-561
2695	-1298	-8192	-1090
2696	-1467	-8192	-1055
2697	-1849	-8192	-445
2698	-1397	-8192	1010
2699	-1186	-8192	1086
2700	-1649	-8192	780
2701	-1427	-8192	912
2702	-1259	-8192	826
2703	-1775	-8192	765
2704	-1581	-8192	789
2705	-1063	-8192	933
2706	-1335	-8192	482
2707	-1474	-8192	435
2708	-904	-8192	446
2709	-744	-8192	-199
2710	-1163	-8192	239
2711	-975	-8192	731
2712	-722	-8192	93
2713	-1191	-8192	212
2714	-1356	-8192	1068
2715	-847	-8192	305
2716	-959	-8192	-861
2717	-1156	-8192	-72
2718	-705	-8192	185
2719	-496	-8192	-586
2720	-656	-8192	542
2721	-503	-8192	1275
2722	-302	-8192	174
2723	-351	-8192	596
2724	-373	-8192	2002
2725	-285	-8192	1088
2726	-187	-8192	106
2727	-323	-8192	1214
2728	-264	-8192	1027
2729	-64	-8192	-446
2730	-175	-8192	21
2731	-250	-8192	945
2732	-143	-8192	-241
2733	-260	-8192	-830
2734	-414	-8192	226
2735	-175	-8192	-504
2736	-81	-8192	-1158
2737	-365	-8192	295
2738	-188	-8192	1777
2739	36	-8192	748
2740	-179	-8192	1085
2741	87	-8192	2648
2742	416	-8192	250
2743	160	-8192	-1401
2744	134	-8192	20
2745	446	-8192	-852
2746	185	-8192	-1999
2747	-227	-8192	526
2748	77	-8192	2100
2749	63	-8192	-47
2750	-228	-8192	-60
2751	-334	-8192	2372
2752	25	-8192	1225
2753	240	-8192	-1225
2754	234	-8192	548
2755	408	-8192	556
2756	645	-8192	-1693
2757	384	-8192	-561
2758	169	-8192	1128
2759	156	-8192	196
2760	-167	-8192	-316
2761	-477	-8192	2145
2762	-299	-8192	1702
2763	-115	-8192	-45
2764	-107	-8192	1058
2765	128	-8192	1075
2766	378	-8192	-125
2767	391	-8192	369
2768	183	-8192	891
2769	174	-8192	-286
2770	-88	-8192	-761
2771	-494	-8192	-193
2772	-472	-8192	-162
2773	-646	-8192	-1270
2774	-770	-8192	413
2775	-509	-8192	1041
2776	-308	-8192	-822
2777	-423	-8192	483
2778	-324	-8192	1900
2779	-222	-8192	533
2780	-488	-8192	934
2781	-736	-8192	1699
2782	-750	-8192	216
2783	-876	-8192	-77
2784	-998	-8192	549
2785	-839	-8192	52
2786	-793	-8192	-683
2787	-1038	-8192	-619
2788	-1035	-8192	-194
2789	-846	-8192	133
2790	-1178	-8192	522
2791	-1311	-8192	965
2792	-1161	-8192	1173
2793	-1409	-8192	1408
2794	-1587	-8192	2083
2795	-946	-8192	2287
2796	-1009	-8192	1592
2797	-1321	-8192	1600
2798	-795	-8192	1526
2799	-548	-8192	423
2800	-1390	-8192	-605
2801	-1726	-8192	-902
2802	-1728	-8192	-1893
2803	-2504	-8192	-1584
2804	-2807	-8192	-324
2805	-1979	-8192	-469
2806	-1909	-8192	139
2807	-1798	-8192	1097
2808	-1158	-8192	1656
2809	-842	-8192	2302
2810	-1087	-8192	2612
2811	-1050	-8192	2727
2812	-1186	-8192	2222
2813	-1818	-8192	1987
2814	-2182	-8192	977
2815	-2284	-8192	697
2816	-2652	-8192	332
2817	-2320	-8192	-327
2818	-1731	-8192	-556
2819	-1884	-8192	-557
2820	-1949	-8192	-1052
2821	-1505	-8192	-767
2822	-1549	-8192	655
2823	-1884	-8192	430
2824	-1835	-8192	1245
2825	-1874	-8192	3125
2826	-2191	-8192	2571
2827	-1941	-8192	1929
2828	-1551	-8192	2947
2829	-1834	-8192	1843
2830	-1763	-8192	259
2831	-1553	-8192	764
2832	-1898	-8192	-1
2833	-2097	-8192	-1422
2834	-1634	-8192	-750
2835	-1714	-8192	-1092
2836	-1863	-8192	-1813
2837	-1334	-8192	73
2838	-1363	-8192	1615
2839	-1723	-8192	1426
2840	-1408	-8192	2814
2841	-1229	-8192	3464
2842	-1661	-8192	2006
2843	-1339	-8192	1904
2844	-948	-8192	1691
2845	-1336	-8192	-534
2846	-1301	-8192	-1082
2847	-951	-8192	-1317
2848	-1457	-8192	-2168
2849	-1619	-8192	-1244
2850	-1085	-8192	-215
2851	-1319	-8192	-471
2852	-1283	-8192	217
2853	-732	-8192	1139
2854	-841	-8192	1121
2855	-878	-8192	2108
2856	-382	-8192	2570
2857	-345	-8192	1082
2858	-507	-8192	667
2859	-265	-8192	1686
2860	-305	-8192	612
2861	-649	-8192	-527
2862	-425	-8192	266
2863	-563	-8192	-670
2864	-985	-8192	-1448
2865	-744	-8192	200
2866	-512	-8192	68
2867	-771	-8192	-816
2868	-476	-8192	1287
2869	18	-8192	2059
2870	-263	-8192	824
2871	-158	-8192	2005
2872	517	-8192	2882
2873	328	-8192	811
2874	-11	-8192	162
2875	321	-8192	60
2876	-339	-8192	-2658
2877	-929	-8192	-2736
2878	-499	-8192	-522
2879	-623	-8192	-1866
2880	-951	-8192	-1191
2881	-212	-8192	1757
2882	138	-8192	843
2883	-22	-8192	510
2884	830	-8192	4080
2885	1252	-8192	3661
2886	521	-8192	1091
2887	787	-8192	3139
2888	1025	-8192	2009
2889	-208	-8192	-1964
2890	-449	-8192	-75
2891	-98	-8192	879
2892	-947	-8192	-2925
2893	-979	-8192	-2248
2894	-143	-8192	-470
2895	-587	-8192	-3693
2896	-623	-8192	-1246
2897	574	-8192	2224
2898	96	-8192	387
2899	72	-8192	2053
2900	1000	-8192	4940
2901	570	-8192	1340
2902	-225	-8192	-7
2903	198	-8192	3066
2904	-142	-8192	439
2905	-931	-8192	-411
2906	-491	-8192	2030
2907	-224	-8192	52
2908	-519	-8192	-2714
2909	-106	-8192	305
2910	-106	-8192	-860
2911	-987	-8192	-3787
2912	-788	-8192	-162
2913	-807	-8192	721
2914	-1582	-8192	-1379
2915	-1287	-8192	970
2916	-801	-8192	2212
2917	-1025	-8192	82
2918	-890	-8192	2031
2919	-221	-8192	3813
2920	-322	-8192	1490
2921	-428	-8192	1817
2922	-59	-8192	2921
2923	-710	-8192	673
2924	-1159	-8192	-255
2925	-988	-8192	399
2926	-1619	-8192	-1473
2927	-2503	-8192	-1559
2928	-1989	-8192	-270
2929	-2159	-8192	-1169
2930	-2499	-8192	-462
2931	-1466	-8192	911
2932	-1110	-8192	63
2933	-1325	-8192	896
2934	-823	-8192	2273
2935	-717	-8192	1684
2936	-1326	-8192	1937
2937	-1170	-8192	3288
2938	-1346	-8192	2208
2939	-2165	-8192	1469
2940	-2256	-8192	1745
2941	-2180	-8192	147
2942	-2464	-8192	-775
2943	-2037	-8192	-651
2944	-1691	-8192	-998
2945	-2118	-8192	-1154
2946	-1555	-8192	-205
2947	-1364	-8192	67
2948	-2243	-8192	572
2949	-2141	-8192	1528
2950	-1656	-8192	1630
2951	-2280	-8192	2165
2952	-1853	-8192	2726
2953	-1262	-8192	2212
2954	-1744	-8192	1988
2955	-1880	-8192	1759
2956	-1529	-8192	1141
2957	-2038	-8192	995
2958	-2307	-8192	285
2959	-2102	-8192	-771
2960	-2305	-8192	-528
2961	-2120	-8192	-1328
2962	-1783	-8192	-1615
2963	-2026	-8192	-201
2964	-1891	-8192	224
2965	-1431	-8192	743
2966	-1539	-8192	2497
2967	-1543	-8192	2841
2968	-1096	-8192	2434
2969	-1269	-8192	2837
2970	-1386	-8192	2403
2971	-1178	-8192	989
2972	-1741	-8192	789
2973	-1970	-8192	362
2974	-1716	-8192	-627
2975	-1859	-8192	-978
2976	-1588	-8192	-330
2977	-1001	-8192	-885
2978	-1024	-8192	-907
2979	-933	-8192	194
2980	-704	-8192	-34
2981	-1285	-8192	-265
2982	-1396	-8192	468
2983	-940	-8192	1629
2984	-1358	-8192	1243
2985	-1212	-8192	1576
2986	-627	-8192	2085
2987	-890	-8192	1055
2988	-723	-8192	1605
2989	-205	-8192	1964
2990	-508	-8192	-131
2991	-457	-8192	55
2992	-10	-8192	1429
2993	-462	-8192	-482
2994	-596	-8192	-921
2995	-214	-8192	193
2996	-894	-8192	-1948
2997	-1165	-8192	-1935
2998	-479	-8192	21
2999	-814	-8192	-905
3000	-935	-8192	-268
3001	196	-8192	2736
3002	44	-8192	1218
3003	-54	-8192	863
3004	829	-8192	3754
3005	457	-8192	1348
3006	10	-8192	726
3007	818	-8192	2947
3008	-46	-8192	-423
3009	-572	-8192	-1766
3010	238	-8192	1199
3011	-520	-8192	-694
3012	-1061	-8192	-1360
3013	177	-8192	1797
3014	-43	-8192	-774
3015	-632	-8192	-1548
3016	771	-8192	1772
3017	332	-8192	-773
3018	-359	-8192	-1081
3019	636	-8192	3197
3020	128	-8192	131
3021	-614	-8192	-534
3022	300	-8192	3378
3023	-77	-8192	484
3024	-730	-8192	-1476
3025	522	-8192	3105
3026	-97	-8192	845
3027	-718	-8192	-1405
3028	381	-8192	2780
3029	78	-8192	-301
3030	-834	-8192	-2230
3031	15	-8192	1445
3032	-119	-8192	-604
3033	-663	-8192	-1614
3034	-92	-8192	2110
3035	-370	-8192	332
3036	-834	-8192	-1172
3037	-191	-8192	1936
3038	-558	-8192	329
3039	-1135	-8192	-1178
3040	-507	-8192	1102
3041	-956	-8192	263
3042	-1363	-8192	72
3043	-727	-8192	2392
3044	-971	-8192	1197
3045	-1340	-8192	33
3046	-647	-8192	1883
3047	-574	-8192	1346
3048	-859	-8192	995
3049	-486	-8192	2200
3050	-924	-8192	1241
3051	-1238	-8192	328
3052	-840	-8192	853
3053	-1430	-8192	-687
3054	-1862	-8192	-1365
3055	-1740	-8192	-959
3056	-2437	-8192	-1336
3057	-2489	-8192	-558
3058	-1781	-8192	239
3059	-2232	-8192	222
3060	-1751	-8192	687
3061	-941	-8192	1754
3062	-1358	-8192	1929
3063	-1254	-8192	2646
3064	-975	-8192	2964
3065	-1606	-8192	1726
3066	-1839	-8192	1842
3067	-1797	-8192	1663
3068	-2286	-8192	882
3069	-2061	-8192	1217
3070	-1838	-8192	301
3071	-2220	-8192	-477
3072	-1770	-8192	-436
3073	-1876	-8192	-685
3074	-2605	-8192	-493
3075	-2017	-8192	428
3076	-1992	-8192	757
3077	-2329	-8192	1969
3078	-1891	-8192	1987
3079	-1843	-8192	1949
3080	-2059	-8192	2431
3081	-1628	-8192	1871
3082	-1854	-8192	1672
3083	-2109	-8192	954
3084	-1805	-8192	-188
3085	-2195	-8192	-173
3086	-2374	-8192	-48
3087	-1918	-8192	-257
3088	-2104	-8192	300
3089	-1990	-8192	975
3090	-1568	-8192	1045
3091	-1793	-8192	743
3092	-1651	-8192	833
3093	-1393	-8192	821
3094	-1753	-8192	640
3095	-1472	-8192	1050
3096	-1486	-8192	1014
3097	-1901	-8192	1343
3098	-1494	-8192	1560
3099	-1314	-8192	734
3100	-1721	-8192	-68
3101	-1445	-8192	-84
3102	-1249	-8192	129
3103	-1337	-8192	713
3104	-983	-8192	1045
3105	-1206	-8192	-27
3106	-1307	-8192	-452
3107	-907	-8192	-264
3108	-1441	-8192	-633
3109	-1313	-8192	6
3110	-854	-8192	974
3111	-1256	-8192	992
3112	-960	-8192	1342
3113	-459	-8192	2085
3114	-746	-8192	753
3115	-523	-8192	897
3116	-10	-8192	1133
3117	-422	-8192	-303
3118	-273	-8192	259
3119	-149	-8192	796
3120	-812	-8192	-670
3121	-474	-8192	-332
3122	-532	-8192	378
3123	-1050	-8192	90
3124	-599	-8192	1370
3125	-306	-8192	1591
3126	-186	-8192	1180
3127	490	-8192	1057
3128	231	-8192	-270
3129	-262	-8192	-853
3130	19	-8192	32
3131	-280	-8192	-353
3132	-778	-8192	-837
3133	-322	-8192	-26
3134	-464	-8192	-168
3135	-552	-8192	-392
3136	233	-8192	815
3137	-11	-8192	607
3138	-113	-8192	1357
3139	402	-8192	2510
3140	-8	-8192	2132
3141	-23	-8192	2208
3142	434	-8192	2246
3143	-128	-8192	504
3144	39	-8192	309
3145	-53	-8192	241
3146	-663	-8192	-1628
3147	-373	-8192	-939
3148	-513	-8192	-689
3149	-910	-8192	-681
3150	-401	-8192	502
3151	-275	-8192	-518
3152	-331	-8192	16
3153	193	-8192	1504
3154	13	-8192	1995
3155	-94	-8192	3829
3156	220	-8192	4531
3157	-275	-8192	3672
3158	-195	-8192	2255
3159	-459	-8192	-561
3160	-1284	-8192	-3067
3161	-1465	-8192	-2375
3162	-1877	-8192	-2795
3163	-2312	-8192	-2522
3164	-1633	-8192	-1540
3165	-1548	-8192	-956
3166	-1405	-8192	-398
3167	-539	-8192	1563
3168	-477	-8192	1977
3169	-542	-8192	2237
3170	-404	-8192	3323
3171	-844	-8192	3784
3172	-854	-8192	3385
3173	-999	-8192	2605
3174	-1571	-8192	1501
3175	-1640	-8192	435
3176	-1897	-8192	-427
3177	-2379	-8192	-1041
3178	-2174	-8192	-1162
3179	-2476	-8192	-1434
3180	-2119	-8192	-678
3181	-1452	-8192	239
3182	-1859	-8192	430
3183	-1584	-8192	886
3184	-1333	-8192	1317
3185	-1865	-8192	1981
3186	-1634	-8192	2720
3187	-1727	-8192	2446
3188	-2206	-8192	1756
3189	-2118	-8192	1344
3190	-2478	-8192	569
3191	-2484	-8192	74
3192	-2037	-8192	-201
3193	-2256	-8192	-83
3194	-2004	-8192	-339
3195	-1696	-8192	106
3196	-1987	-8192	766
3197	-1866	-8192	1547
3198	-1881	-8192	2035
3199	-2001	-8192	2485
3200	-1779	-8192	2433
3201	-2149	-8192	2113
3202	-2301	-8192	1727
3203	-2013	-8192	1987
3204	-2367	-8192	1271
3205	-2076	-8192	406
3206	-1837	-8192	-133
3207	-2121	-8192	-541
3208	-1890	-8192	-752
3209	-1842	-8192	-896
3210	-2037	-8192	-769
3211	-1995	-8192	-206
3212	-2200	-8192	527
3213	-1870	-8192	1814
3214	-1552	-8192	2628
3215	-1670	-8192	2517
3216	-1218	-8192	2486
3217	-884	-8192	2823
3218	-1105	-8192	2412
3219	-885	-8192	2150
3220	-1092	-8192	1773
3221	-1370	-8192	375
3222	-1401	-8192	-280
3223	-1869	-8192	-737
3224	-1872	-8192	-1753
3225	-1691	-8192	-2156
3226	-1763	-8192	-2127
3227	-1184	-8192	-1016
3228	-1057	-8192	-198
3229	-1009	-8192	491
3230	-532	-8192	1568
3231	-693	-8192	1249
3232	-801	-8192	1094
3233	-495	-8192	2158
3234	-651	-8192	2039
3235	-588	-8192	2316
3236	-357	-8192	1768
3237	-434	-8192	1086
3238	-70	-8192	1024
3239	-346	-8192	964
3240	-369	-8192	602
3241	78	-8192	562
3242	-650	-8192	-23
3243	-612	-8192	-513
3244	-493	-8192	-398
3245	-915	-8192	-1112
3246	-700	-8192	-998
3247	-725	-8192	-1644
3248	-706	-8192	-1281
3249	-222	-8192	-336
3250	-211	-8192	-12
3251	192	-8192	1387
3252	402	-8192	2563
3253	75	-8192	2693
3254	555	-8192	3582
3255	420	-8192	3742
3256	63	-8192	3313
3257	455	-8192	2505
3258	-145	-8192	248
3259	-451	-8192	-761
3260	-601	-8192	-1719
3261	-1098	-8192	-1739
3262	-914	-8192	-624
3263	-864	-8192	-287
3264	-722	-8192	-22
3265	-67	-8192	112
3266	9	-8192	-355
3267	14	-8192	253
3268	81	-8192	735
3269	-626	-8192	231
3270	-852	-8192	738
3271	-918	-8192	971
3272	-1338	-8192	421
3273	-1015	-8192	953
3274	-754	-8192	1114
3275	-827	-8192	661
3276	-474	-8192	1613
3277	-746	-8192	2094
3278	-712	-8192	1552
3279	-648	-8192	1167
3280	-1030	-8192	426
3281	-993	-8192	150
3282	-1248	-8192	-364
3283	-1594	-8192	110
3284	-1633	-8192	577
3285	-2064	-8192	318
3286	-1843	-8192	1198
3287	-1798	-8192	1837
3288	-1982	-8192	665
3289	-1333	-8192	631
3290	-1465	-8192	477
3291	-1543	-8192	582
3292	-1405	-8192	1283
3293	-1880	-8192	1215
3294	-1870	-8192	988
3295	-2016	-8192	475
3296	-2536	-8192	-404
3297	-2392	-8192	-617
3298	-2767	-8192	-362
3299	-2654	-8192	124
3300	-2179	-8192	785
3301	-2080	-8192	1959
3302	-1555	-8192	2717
3303	-1585	-8192	2725
3304	-1530	-8192	3420
3305	-1381	-8192	3826
3306	-1924	-8192	3619
3307	-1945	-8192	2877
3308	-2246	-8192	1889
3309	-2881	-8192	-74
3310	-2857	-8192	-1805
3311	-3125	-8192	-2030
3312	-2867	-8192	-1572
3313	-2543	-8192	-662
3314	-2315	-8192	-358
3315	-1698	-8192	504
3316	-1690	-8192	1657
3317	-1676	-8192	2101
3318	-1469	-8192	2750
3319	-1720	-8192	2862
3320	-1836	-8192	2756
3321	-2103	-8192	2511
3322	-2224	-8192	2435
3323	-2055	-8192	2166
3324	-2309	-8192	720
3325	-1913	-8192	-590
3326	-1682	-8192	-849
3327	-1723	-8192	-1272
3328	-1445	-8192	-999
3329	-1590	-8192	-873
3330	-1520	-8192	-590
3331	-1672	-8192	448
3332	-2096	-8192	1428
3333	-1709	-8192	1504
3334	-1675	-8192	1225
3335	-1535	-8192	1323
3336	-1092	-8192	1039
3337	-961	-8192	1054
3338	-773	-8192	1301
3339	-908	-8192	583
3340	-945	-8192	424
3341	-737	-8192	833
3342	-1255	-8192	8
3343	-1200	-8192	100
3344	-1082	-8192	474
3345	-1256	-8192	981
3346	-884	-8192	1313
3347	-746	-8192	886
3348	-489	-8192	-404
3349	-426	-8192	-560
3350	-703	-8192	-730
3351	-573	-8192	-537
3352	-1065	-8192	-174
3353	-1035	-8192	914
3354	-790	-8192	1718
3355	-697	-8192	1318
3356	-14	-8192	1408
3357	5	-8192	1076
3358	82	-8192	1019
3359	441	-8192	740
3360	-34	-8192	152
3361	-206	-8192	359
3362	-663	-8192	750
3363	-871	-8192	1095
3364	-735	-8192	1378
3365	-758	-8192	1192
3366	-214	-8192	1052
3367	-189	-8192	608
3368	2	-8192	458
3369	517	-8192	446
3370	86	-8192	-220
3371	-116	-8192	-309
3372	-279	-8192	32
3373	-947	-8192	747
3374	-988	-8192	1134
3375	-1020	-8192	1144
3376	-968	-8192	1117
3377	-684	-8192	1174
3378	-683	-8192	1053
3379	-191	-8192	633
3380	-216	-8192	981
3381	-461	-8192	1130
3382	-511	-8192	1015
3383	-906	-8192	525
3384	-830	-8192	143
3385	-1319	-8192	212
3386	-1685	-8192	888
3387	-1593	-8192	1356
3388	-1840	-8192	1025
3389	-1631	-8192	469
3390	-1611	-8192	493
3391	-1393	-8192	570
3392	-1241	-8192	150
3393	-1386	-8192	972
3394	-1220	-8192	1338
3395	-1527	-8192	496
3396	-1526	-8192	1001
3397	-1684	-8192	1054
3398	-2422	-8192	697
3399	-2287	-8192	1033
3400	-2491	-8192	631
3401	-2487	-8192	12
3402	-2211	-8192	258
3403	-2395	-8192	428
3404	-2101	-8192	828
3405	-1920	-8192	2125
3406	-1596	-8192	2427
3407	-1840	-8192	1471
3408	-2108	-8192	1073
3409	-1901	-8192	1286
3410	-2620	-8192	401
3411	-2544	-8192	272
3412	-2448	-8192	1298
3413	-2779	-8192	524
3414	-2505	-8192	565
3415	-2353	-8192	2284
3416	-2169	-8192	1343
3417	-2429	-8192	1245
3418	-2208	-8192	1748
3419	-2031	-8192	1707
3420	-2359	-8192	1665
3421	-2168	-8192	1867
3422	-2425	-8192	1103
3423	-2449	-8192	34
3424	-2360	-8192	1095
3425	-2442	-8192	1442
3426	-2076	-8192	697
3427	-2096	-8192	803
3428	-1966	-8192	828
3429	-2032	-8192	396
3430	-2206	-8192	869
3431	-1761	-8192	2504
3432	-2041	-8192	2457
3433	-1737	-8192	2108
3434	-1618	-8192	2331
3435	-1394	-8192	569
3436	-1403	-8192	-379
3437	-1621	-8192	225
3438	-1479	-8192	-19
3439	-2037	-8192	-822
3440	-1707	-8192	472
3441	-1658	-8192	1363
3442	-1708	-8192	1582
3443	-1163	-8192	2606
3444	-1191	-8192	2462
3445	-1058	-8192	1349
3446	-949	-8192	888
3447	-762	-8192	760
3448	-705	-8192	46
3449	-840	-8192	-966
3450	-503	-8192	891
3451	-939	-8192	759
3452	-1041	-8192	-455
3453	-810	-8192	465
3454	-1396	-8192	-463
3455	-1267	-8192	-498
3456	-1053	-8192	853
3457	-808	-8192	1542
3458	-1035	-8192	1641
3459	-472	-8192	3620
3460	406	-8192	3858
3461	271	-8192	2440
3462	834	-8192	2445
3463	682	-8192	442
3464	-53	-8192	-2370
3465	-586	-8192	-1877
3466	-1251	-8192	-683
3467	-1535	-8192	-1809
3468	-1892	-8192	-908
3469	-1482	-8192	398
3470	-1507	-8192	-828
3471	-948	-8192	287
3472	-55	-8192	2368
3473	113	-8192	2340
3474	833	-8192	2959
3475	578	-8192	2969
3476	286	-8192	3010
3477	-241	-8192	3317
3478	-551	-8192	3750
3479	-901	-8192	2230
3480	-1235	-8192	-269
3481	-806	-8192	-733
3482	-1218	-8192	-1907
3483	-1442	-8192	-2619
3484	-1590	-8192	-2651
3485	-1892	-8192	-2429
3486	-1724	-8192	-1180
3487	-1692	-8192	727
3488	-1319	-8192	2133
3489	-1214	-8192	2724
3490	-923	-8192	3766
3491	-897	-8192	4537
3492	-1117	-8192	3752
3493	-951	-8192	3968
3494	-1244	-8192	2765
3495	-1316	-8192	1131
3496	-1673	-8192	390
3497	-2023	-8192	-384
3498	-2581	-8192	-1457
3499	-2977	-8192	-1721
3500	-2894	-8192	-1570
3501	-3164	-8192	-589
3502	-2447	-8192	122
3503	-2321	-8192	583
3504	-1905	-8192	1203
3505	-1655	-8192	2105
3506	-1750	-8192	3258
3507	-1477	-8192	3565
3508	-1750	-8192	3633
3509	-1877	-8192	3213
3510	-2750	-8192	2557
3511	-2961	-8192	1203
3512	-3134	-8192	766
3513	-3141	-8192	546
3514	-2697	-8192	-272
3515	-2470	-8192	-554
3516	-1819	-8192	290
3517	-2066	-8192	812
3518	-2261	-8192	168
3519	-2481	-8192	782
3520	-2617	-8192	1428
3521	-2594	-8192	807
3522	-2876	-8192	1430
3523	-2490	-8192	2111
3524	-2347	-8192	2669
3525	-1890	-8192	3426
3526	-2105	-8192	3153
3527	-1987	-8192	1545
3528	-1981	-8192	964
3529	-2264	-8192	1192
3530	-2347	-8192	332
3531	-2567	-8192	661
3532	-1884	-8192	136
3533	-1978	-8192	-922
3534	-1815	-8192	-1332
3535	-1774	-8192	-665
3536	-1821	-8192	-510
3537	-1523	-8192	1705
3538	-1392	-8192	2816
3539	-1358	-8192	2695
3540	-1645	-8192	2894
3541	-1320	-8192	3042
3542	-1439	-8192	2294
3543	-1227	-8192	1607
3544	-971	-8192	1016
3545	-1089	-8192	-380
3546	-826	-8192	-477
3547	-1239	-8192	-1479
3548	-1194	-8192	-2226
3549	-1595	-8192	-554
3550	-1581	-8192	1207
3551	-1527	-8192	1488
3552	-1209	-8192	2260
3553	-626	-8192	2621
3554	-572	-8192	1715
3555	1	-8192	1737
3556	155	-8192	2310
3557	204	-8192	1799
3558	-418	-8192	1008
3559	-382	-8192	767
3560	-772	-8192	-210
3561	-1155	-8192	-1035
3562	-1098	-8192	-512
3563	-1603	-8192	-1306
3564	-1629	-8192	-1100
3565	-1491	-8192	514
3566	-857	-8192	1868
3567	-743	-8192	2678
3568	-8	-8192	3198
3569	394	-8192	3260
3570	497	-8192	3186
3571	468	-8192	2517
3572	-230	-8192	409
3573	-756	-8192	358
3574	-1516	-8192	-774
3575	-1690	-8192	-918
3576	-2012	-8192	-883
3577	-1940	-8192	-455
3578	-1585	-8192	-18
3579	-1095	-8192	1127
3580	-849	-8192	677
3581	-792	-8192	1676
3582	-524	-8192	2794
3583	-1101	-8192	1354
3584	-1200	-8192	1627
3585	-1466	-8192	1351
3586	-1635	-8192	972
3587	-1948	-8192	1330
3588	-1958	-8192	1136
3589	-2062	-8192	885
3590	-2535	-8192	1322
3591	-2470	-8192	1175
3592	-2320	-8192	1898
3593	-1786	-8192	1339
3594	-2102	-8192	1671
3595	-1652	-8192	1498
3596	-1745	-8192	183
3597	-1838	-8192	-643
3598	-2491	-8192	-439
3599	-2762	-8192	-7
3600	-2778	-8192	733
3601	-3200	-8192	1647
3602	-3520	-8192	2388
3603	-3380	-8192	2347
3604	-2428	-8192	1602
3605	-2390	-8192	1098
3606	-1927	-8192	2090
3607	-2105	-8192	1486
3608	-2249	-8192	1667
3609	-2456	-8192	1728
3610	-2351	-8192	744
3611	-2678	-8192	1648
3612	-3102	-8192	2345
3613	-2961	-8192	1521
3614	-2750	-8192	2240
3615	-2575	-8192	3310
3616	-3005	-8192	2493
3617	-2466	-8192	1384
3618	-2305	-8192	1174
3619	-2177	-8192	1397
3620	-2445	-8192	1311
3621	-2289	-8192	690
3622	-2574	-8192	757
3623	-2541	-8192	42
3624	-2340	-8192	94
3625	-2312	-8192	-459
3626	-2223	-8192	-740
3627	-2299	-8192	189
3628	-1959	-8192	1148
3629	-2083	-8192	2064
3630	-1805	-8192	3386
3631	-1697	-8192	3547
3632	-1306	-8192	1805
3633	-1462	-8192	378
3634	-1383	-8192	498
3635	-1755	-8192	719
3636	-1654	-8192	515
3637	-1748	-8192	979
3638	-1968	-8192	1014
3639	-1816	-8192	702
3640	-1617	-8192	126
3641	-1330	-8192	-71
3642	-1264	-8192	948
3643	-810	-8192	1447
3644	-613	-8192	262
3645	-288	-8192	-599
3646	-653	-8192	442
3647	-970	-8192	1531
3648	-1411	-8192	2337
3649	-1176	-8192	3696
3650	-1358	-8192	3121
3651	-1012	-8192	2073
3652	-830	-8192	1660
3653	-683	-8192	72
3654	-609	-8192	-930
3655	-698	-8192	-694
3656	-1102	-8192	-1110
3657	-1479	-8192	-918
3658	-1456	-8192	100
3659	-1706	-8192	467
3660	-1078	-8192	1938
3661	-637	-8192	2766
3662	-367	-8192	2272
3663	-477	-8192	2782
3664	-105	-8192	3760
3665	-482	-8192	3293
3666	-565	-8192	2832
3667	-989	-8192	2532
3668	-954	-8192	1334
3669	-1358	-8192	-683
3670	-1394	-8192	-656
3671	-1854	-8192	-2135
3672	-2099	-8192	-2029
3673	-2427	-8192	-630
3674	-2468	-8192	586
3675	-2349	-8192	1066
3676	-2169	-8192	1326
3677	-1733	-8192	2048
3678	-1444	-8192	2620
3679	-1187	-8192	3739
3680	-1315	-8192	3996
3681	-1427	-8192	3381
3682	-1697	-8192	3072
3683	-1648	-8192	1832
3684	-2458	-8192	561
3685	-3034	-8192	299
3686	-3643	-8192	-140
3687	-3777	-8192	188
3688	-4069	-8192	56
3689	-3236	-8192	-65
3690	-3071	-8192	-684
3691	-2376	-8192	-562
3692	-2212	-8192	610
3693	-1920	-8192	1007
3694	-2452	-8192	759
3695	-2433	-8192	1596
3696	-2813	-8192	3483
3697	-2998	-8192	3885
3698	-3204	-8192	4651
3699	-2824	-8192	5318
3700	-3043	-8192	3574
3701	-2765	-8192	2946
3702	-2773	-8192	3174
3703	-2692	-8192	-282
3704	-2858	-8192	-1095
3705	-2316	-8192	-220
3706	-2595	-8192	-1556
3707	-2735	-8192	-2061
3708	-2898	-8192	581
3709	-3042	-8192	-45
3710	-3206	-8192	-125
3711	-2700	-8192	2126
3712	-2627	-8192	2684
3713	-2365	-8192	3800
3714	-1821	-8192	5431
3715	-1662	-8192	4933
3716	-1570	-8192	3727
3717	-1341	-8192	3408
3718	-1457	-8192	1515
3719	-1779	-8192	484
3720	-1912	-8192	106
3721	-2235	-8192	-207
3722	-2647	-8192	-2161
3723	-2653	-8192	-2760
3724	-2373	-8192	-1355
3725	-2454	-8192	-1566
3726	-2129	-8192	-772
3727	-1561	-8192	1623
3728	-1273	-8192	2605
3729	-942	-8192	3810
3730	-372	-8192	5670
3731	-35	-8192	5269
3732	165	-8192	4770
3733	-63	-8192	3085
3734	-621	-8192	162
3735	-1131	-8192	23
3736	-1802	-8192	396
3737	-2350	-8192	-797
3738	-2410	-8192	-782
3739	-2026	-8192	-912
3740	-1773	-8192	-1666
3741	-1029	-8192	-871
3742	-551	-8192	567
3743	-615	-8192	423
3744	-607	-8192	1027
3745	-650	-8192	1793
3746	-1022	-8192	2491
3747	-1220	-8192	3675
3748	-1324	-8192	4811
3749	-1426	-8192	4952
3750	-1330	-8192	4352
3751	-877	-8192	2828
3752	-911	-8192	637
3753	-1126	-8192	-612
3754	-1346	-8192	-398
3755	-1782	-8192	-1299
3756	-2182	-8192	-2161
3757	-2521	-8192	-1872
3758	-2729	-8192	-1124
3759	-2135	-8192	426
3760	-2002	-8192	2134
3761	-1998	-8192	2754
3762	-1898	-8192	3562
3763	-1516	-8192	4522
3764	-1692	-8192	2868
3765	-1692	-8192	1944
3766	-2144	-8192	1679
3767	-2374	-8192	1472
3768	-3075	-8192	1120
3769	-3425	-8192	1291
3770	-3854	-8192	1143
3771	-3429	-8192	872
3772	-3279	-8192	806
3773	-2703	-8192	1435
3774	-2501	-8192	1302
3775	-2110	-8192	1533
3776	-2728	-8192	306
3777	-3040	-8192	877
3778	-3419	-8192	1447
3779	-3526	-8192	1355
3780	-3625	-8192	2026
3781	-3389	-8192	2204
3782	-3385	-8192	2771
3783	-3162	-8192	2289
3784	-2775	-8192	2503
3785	-2312	-8192	3082
3786	-2287	-8192	2778
3787	-2303	-8192	3264
3788	-2615	-8192	2589
3789	-3255	-8192	631
3790	-3590	-8192	601
3791	-3726	-8192	711
3792	-3689	-8192	-290
3793	-3784	-8192	268
3794	-2807	-8192	2065
3795	-2338	-8192	2460
3796	-1694	-8192	2203
3797	-1611	-8192	2425
3798	-1455	-8192	1851
3799	-2095	-8192	1678
3800	-2237	-8192	1760
3801	-2549	-8192	648
3802	-2989	-8192	-377
3803	-3490	-8192	-958
3804	-3270	-8192	-280
3805	-2779	-8192	1059
3806	-2327	-8192	271
3807	-1836	-8192	542
3808	-1477	-8192	1320
3809	-1278	-8192	2674
3810	-1080	-8192	3795
3811	-370	-8192	4517
3812	-388	-8192	2744
3813	-516	-8192	1993
3814	-1319	-8192	1488
3815	-1800	-8192	807
3816	-2714	-8192	312
3817	-2854	-8192	-410
3818	-2996	-8192	-892
3819	-2049	-8192	-672
3820	-1455	-8192	-681
3821	-802	-8192	-311
3822	-72	-8192	1204
3823	68	-8192	3171
3824	-483	-8192	2899
3825	-891	-8192	2715
3826	-1452	-8192	2578
3827	-2053	-8192	3345
3828	-1781	-8192	3766
3829	-2030	-8192	3069
3830	-1822	-8192	2415
3831	-1858	-8192	2380
3832	-1367	-8192	1397
3833	-1379	-8192	805
3834	-965	-8192	516
3835	-1329	-8192	-1010
3836	-1477	-8192	-995
3837	-2020	-8192	-449
3838	-2731	-8192	-957
3839	-3187	-8192	-957
3840	-3489	-8192	749
3841	-4088	-8192	1858
3842	-3899	-8192	2171
3843	-2549	-8192	3412
3844	-2178	-8192	3606
3845	-1510	-8192	3962
3846	-1160	-8192	3878
3847	-1387	-8192	2407
3848	-1854	-8192	1203
3849	-2068	-8192	1528
3850	-3147	-8192	575
3851	-4728	-8192	-173
3852	-5094	-8192	274
3853	-5905	-8192	-109
3854	-5618	-8192	495
3855	-3904	-8192	1532
3856	-2449	-8192	1105
3857	-2189	-8192	1847
3858	-1892	-8192	1585
3859	-1942	-8192	1737
3860	-2515	-8192	2364
3861	-3266	-8192	3447
3862	-4277	-8192	2994
3863	-4270	-8192	2269
3864	-4912	-8192	3465
3865	-4967	-8192	3152
3866	-3828	-8192	3317
3867	-2912	-8192	3102
3868	-2612	-8192	2306
3869	-2365	-8192	1903
3870	-1868	-8192	1529
3871	-2004	-8192	-77
3872	-2372	-8192	3
3873	-3463	-8192	1164
3874	-4127	-8192	759
3875	-4295	-8192	680
3876	-4198	-8192	1687
3877	-3605	-8192	1623
3878	-2652	-8192	1241
3879	-1702	-8192	1431
3880	-1242	-8192	2382
3881	-1059	-8192	1844
3882	-1422	-8192	3087
3883	-1650	-8192	2980
3884	-2392	-8192	1753
3885	-2862	-8192	1548
3886	-2987	-8192	272
3887	-3458	-8192	-846
3888	-2882	-8192	277
3889	-2647	-8192	561
3890	-2016	-8192	859
3891	-1347	-8192	2034
3892	-833	-8192	2319
3893	-366	-8192	2013
3894	-189	-8192	2503
3895	-676	-8192	2002
3896	-1754	-8192	899
3897	-2204	-8192	1290
3898	-2979	-8192	1299
3899	-2985	-8192	2556
3900	-2617	-8192	2359
3901	-2483	-8192	1106
3902	-2070	-8192	1512
3903	-1382	-8192	2154
3904	-663	-8192	1683
3905	-682	-8192	761
3906	-468	-8192	1906
3907	-1191	-8192	1119
3908	-2031	-8192	630
3909	-2423	-8192	1232
3910	-3201	-8192	1837
3911	-3342	-8192	2323
3912	-3296	-8192	3626
3913	-2929	-8192	3304
3914	-2557	-8192	2639
3915	-2169	-8192	2686
3916	-1936	-8192	678
3917	-1864	-8192	-311
3918	-1940	-8192	221
3919	-2848	-8192	-743
3920	-3635	-8192	683
3921	-4087	-8192	1867
3922	-4729	-8192	2343
3923	-4481	-8192	1934
3924	-3914	-8192	2859
3925	-2982	-8192	2651
3926	-2485	-8192	2608
3927	-2154	-8192	3024
3928	-2296	-8192	2810
3929	-3292	-8192	3150
3930	-4026	-8192	2657
3931	-4783	-8192	1521
3932	-5339	-8192	342
3933	-5264	-8192	911
3934	-4770	-8192	312
3935	-3569	-8192	79
3936	-2804	-8192	1619
3937	-2472	-8192	2697
3938	-2315	-8192	2724
3939	-2740	-8192	3212
3940	-3291	-8192	2669
3941	-4208	-8192	3682
3942	-4633	-8192	3274
3943	-4776	-8192	3808
3944	-4106	-8192	3757
3945	-3239	-8192	2732
3946	-2987	-8192	2708
3947	-2503	-8192	1787
3948	-2380	-8192	546
3949	-2550	-8192	-102
3950	-2993	-8192	-601
3951	-3152	-8192	-1085
3952	-2921	-8192	-846
3953	-3652	-8192	514
3954	-3737	-8192	1018
3955	-3140	-8192	932
3956	-3447	-8192	1904
3957	-3111	-8192	3028
3958	-2766	-8192	3332
3959	-2227	-8192	3247
3960	-1651	-8192	2950
3961	-1682	-8192	2632
3962	-971	-8192	2408
3963	-634	-8192	2266
3964	-1260	-8192	1820
3965	-1839	-8192	324
3966	-2451	-8192	-472
3967	-3116	-8192	432
3968	-3501	-8192	123
3969	-2946	-8192	-88
3970	-2365	-8192	101
3971	-2351	-8192	1022
3972	-1743	-8192	2698
3973	-1135	-8192	2343
3974	-1381	-8192	2232
3975	-1423	-8192	3596
3976	-1911	-8192	4390
3977	-2283	-8192	2981
3978	-2472	-8192	2923
3979	-2447	-8192	2546
3980	-2372	-8192	2019
3981	-2636	-8192	2390
3982	-2681	-8192	2752
3983	-2508	-8192	2680
3984	-2444	-8192	2851
3985	-2295	-8192	1375
3986	-2437	-8192	-119
3987	-2692	-8192	-978
3988	-2982	-8192	-726
3989	-3854	-8192	80
3990	-4187	-8192	862
3991	-4361	-8192	1532
3992	-4622	-8192	2816
3993	-4155	-8192	3830
3994	-3596	-8192	3461
3995	-3012	-8192	3174
3996	-2580	-8192	3890
3997	-2474	-8192	4195
3998	-2926	-8192	3085
3999	-3473	-8192	2251
4000	-4092	-8192	3042
4001	-4681	-8192	2104
4002	-5386	-8192	823
4003	-5349	-8192	1949
4004	-5177	-8192	1301
4005	-4740	-8192	584
4006	-3493	-8192	247
4007	-2865	-8192	2009
4008	-3047	-8192	2166
4009	-2968	-8192	1221
4010	-3593	-8192	2854
4011	-4556	-8192	2948
4012	-4960	-8192	3249
4013	-5095	-8192	4277
4014	-4762	-8192	3465
4015	-3942	-8192	3271
4016	-3191	-8192	3508
4017	-2489	-8192	1329
4018	-2147	-8192	1946
4019	-2156	-8192	2187
4020	-2768	-8192	376
4021	-3242	-8192	2065
4022	-3830	-8192	1987
4023	-4141	-8192	-433
4024	-4091	-8192	806
4025	-3703	-8192	2893
4026	-3337	-8192	1456
4027	-2513	-8192	1561
4028	-1725	-8192	2138
4029	-1811	-8192	1720
4030	-1619	-8192	1354
4031	-1537	-8192	1954
4032	-2296	-8192	1378
4033	-2602	-8192	1917
4034	-2687	-8192	2304
4035	-2881	-8192	2198
4036	-2620	-8192	2249
4037	-2094	-8192	2409
4038	-2112	-8192	2792
4039	-2115	-8192	2650
4040	-2024	-8192	2523
4041	-2278	-8192	1312
4042	-2533	-8192	546
4043	-3042	-8192	1333
4044	-3279	-8192	2922
4045	-3208	-8192	3692
4046	-3116	-8192	3705
4047	-2886	-8192	3438
4048	-2453	-8192	2565
4049	-2015	-8192	3068
4050	-1572	-8192	1986
4051	-2382	-8192	-41
4052	-3239	-8192	672
4053	-3807	-8192	412
4054	-4747	-8192	-1608
4055	-5459	-8192	993
4056	-5642	-8192	2159
4057	-5266	-8192	2144
4058	-4582	-8192	3835
4059	-3721	-8192	3116
4060	-2703	-8192	2579
4061	-2502	-8192	3898
4062	-2839	-8192	3075
4063	-3203	-8192	3469
4064	-4278	-8192	4399
4065	-5569	-8192	3720
4066	-5820	-8192	2767
4067	-5551	-8192	1178
4068	-5411	-8192	-711
4069	-4565	-8192	-1532
4070	-3641	-8192	-26
4071	-3499	-8192	1858
4072	-3684	-8192	2777
4073	-3756	-8192	2422
4074	-3990	-8192	4213
4075	-4652	-8192	4769
4076	-5146	-8192	4256
4077	-4731	-8192	5123
4078	-4508	-8192	5776
4079	-4404	-8192	4783
4080	-3898	-8192	5491
4081	-3274	-8192	3251
4082	-3184	-8192	1779
4083	-3081	-8192	855
4084	-3005	-8192	-1813
4085	-3158	-8192	-646
4086	-3676	-8192	-1075
4087	-4055	-8192	-1977
4088	-4330	-8192	306
4089	-4559	-8192	1749
4090	-4076	-8192	2061
4091	-3362	-8192	4747
4092	-2879	-8192	6059
4093	-2349	-8192	5022
4094	-1019	-8192	5267
4095	-602	-8192	5240
4096	-1109	-8192	2134
4097	-1240	-8192	3345
4098	-2295	-8192	3625
4099	-3729	-8192	724
4100	-4034	-8192	-549
4101	-4347	-8192	-930
4102	-4558	-8192	-1607
4103	-3853	-8192	-46
4104	-3305	-8192	2926
4105	-2514	-8192	2711
4106	-1348	-8192	3608
4107	-1302	-8192	4132
4108	-1814	-8192	3485
4109	-2059	-8192	4359
4110	-2843	-8192	4354
4111	-3808	-8192	2514
4112	-4139	-8192	2943
4113	-4395	-8192	2008
4114	-5265	-8192	1434
4115	-5379	-8192	297
4116	-4678	-8192	1418
4117	-4444	-8192	1214
4118	-3737	-8192	2578
4119	-2957	-8192	3057
4120	-2948	-8192	3201
4121	-3506	-8192	2573
4122	-3811	-8192	3687
4123	-4727	-8192	1882
4124	-5847	-8192	1738
4125	-6384	-8192	2807
4126	-6220	-8192	2031
4127	-6055	-8192	1281
4128	-5422	-8192	1734
4129	-4435	-8192	1906
4130	-3849	-8192	3530
4131	-3899	-8192	4313
4132	-4064	-8192	4406
4133	-4037	-8192	4107
4134	-4532	-8192	3870
4135	-5031	-8192	2922
4136	-5202	-8192	1560
4137	-4960	-8192	4129
4138	-5208	-8192	4898
4139	-5205	-8192	4127
4140	-4582	-8192	4907
4141	-4446	-8192	4032
4142	-4371	-8192	1911
4143	-3652	-8192	1256
4144	-2802	-8192	828
4145	-3366	-8192	-960
4146	-3835	-8192	-949
4147	-4042	-8192	616
4148	-4963	-8192	544
4149	-5326	-8192	2311
4150	-4671	-8192	5400
4151	-4132	-8192	5142
4152	-3688	-8192	5849
4153	-2401	-8192	5922
4154	-1396	-8192	4181
4155	-969	-8192	2099
4156	-1358	-8192	1828
4157	-2633	-8192	-792
4158	-4026	-8192	-1236
4159	-5083	-8192	1530
4160	-5537	-8192	170
4161	-5063	-8192	-665
4162	-4227	-8192	3639
4163	-3504	-8192	5175
4164	-2526	-8192	4805
4165	-1283	-8192	6225
4166	-1270	-8192	4826
4167	-2015	-8192	3462
4168	-2397	-8192	3687
4169	-3228	-8192	2320
4170	-4579	-8192	3190
4171	-5375	-8192	4776
4172	-6222	-8192	1728
4173	-6079	-8192	1105
4174	-5796	-8192	1635
4175	-4932	-8192	798
4176	-3873	-8192	1112
4177	-3000	-8192	2512
4178	-3290	-8192	2463
4179	-3845	-8192	3624
4180	-4282	-8192	4086
4181	-4900	-8192	2940
4182	-6450	-8192	3858
4183	-7076	-8192	3494
4184	-6520	-8192	4372
4185	-5860	-8192	3547
4186	-5152	-8192	2617
4187	-4418	-8192	3954
4188	-4194	-8192	3693
4189	-4081	-8192	3389
4190	-4332	-8192	3859
4191	-5131	-8192	4272
4192	-6277	-8192	2100
4193	-6538	-8192	2314
4194	-6891	-8192	4034
4195	-6361	-8192	1809
4196	-5028	-8192	2755
4197	-4025	-8192	5720
4198	-3913	-8192	5217
4199	-3308	-8192	4280
4200	-3445	-8192	3515
4201	-3987	-8192	1047
4202	-4884	-8192	1340
4203	-5208	-8192	1129
4204	-5120	-8192	-27
4205	-5100	-8192	2271
4206	-4449	-8192	2893
4207	-4329	-8192	2132
4208	-3674	-8192	4499
4209	-3380	-8192	5919
4210	-3096	-8192	4457
4211	-3170	-8192	2672
4212	-3005	-8192	3665
4213	-4089	-8192	3492
4214	-3921	-8192	1925
4215	-3380	-8192	1544
4216	-4074	-8192	1258
4217	-4088	-8192	1226
4218	-2956	-8192	2635
4219	-2454	-8192	4313
4220	-3495	-8192	3314
4221	-3828	-8192	5709
4222	-4133	-8192	3805
4223	-4426	-8192	2048
4224	-4554	-8192	1911
4225	-4505	-8192	2778
4226	-4330	-8192	4136
4227	-4470	-8192	4252
4228	-4321	-8192	5947
4229	-4333	-8192	5939
4230	-4765	-8192	3215
4231	-4857	-8192	2294
4232	-4717	-8192	-43
4233	-5588	-8192	1025
4234	-6823	-8192	2400
4235	-6601	-8192	1491
4236	-6627	-8192	3381
4237	-6515	-8192	1609
4238	-5215	-8192	3839
4239	-4345	-8192	4543
4240	-4431	-8192	3750
4241	-4651	-8192	4622
4242	-4976	-8192	4536
4243	-6212	-8192	4619
4244	-6815	-8192	4822
4245	-6881	-8192	4778
4246	-7062	-8192	3675
4247	-5983	-8192	3714
4248	-4440	-8192	3646
4249	-4088	-8192	2990
4250	-3650	-8192	3831
4251	-3886	-8192	4774
4252	-5235	-8192	4364
4253	-5868	-8192	5197
4254	-5982	-8192	3846
4255	-6335	-8192	794
4256	-6032	-8192	694
4257	-5136	-8192	1344
4258	-4429	-8192	343
4259	-4223	-8192	1345
4260	-3862	-8192	2875
4261	-4001	-8192	5164
4262	-4288	-8192	7065
4263	-4247	-8192	5332
4264	-3725	-8192	5016
4265	-3766	-8192	4455
4266	-3969	-8192	3756
4267	-3594	-8192	2952
4268	-3696	-8192	2618
4269	-3875	-8192	1256
4270	-4311	-8192	1931
4271	-4411	-8192	2114
4272	-4791	-8192	3116
4273	-4583	-8192	3268
4274	-4440	-8192	2928
4275	-4079	-8192	3050
4276	-3939	-8192	4909
4277	-4185	-8192	4930
4278	-4549	-8192	6386
4279	-4655	-8192	6028
4280	-5072	-8192	3783
4281	-5993	-8192	3203
4282	-6481	-8192	2139
4283	-6574	-8192	1278
4284	-6697	-8192	1552
4285	-6599	-8192	1592
4286	-5726	-8192	2269
4287	-5138	-8192	3276
4288	-5434	-8192	4571
4289	-5784	-8192	5263
4290	-5963	-8192	6057
4291	-6683	-8192	4331
4292	-7150	-8192	4568
4293	-6931	-8192	4867
4294	-6837	-8192	3617
4295	-7053	-8192	4316
4296	-6476	-8192	5986
4297	-5759	-8192	3500
4298	-5612	-8192	4263
4299	-5375	-8192	3760
4300	-4950	-8192	2603
4301	-5767	-8192	4529
4302	-6502	-8192	5172
4303	-6276	-8192	5186
4304	-6031	-8192	4239
4305	-5739	-8192	3699
4306	-5306	-8192	3437
4307	-4804	-8192	2563
4308	-4528	-8192	1295
4309	-4522	-8192	1894
4310	-5079	-8192	3415
4311	-5187	-8192	3228
4312	-5202	-8192	3832
4313	-5220	-8192	3021
4314	-4633	-8192	2612
4315	-4448	-8192	3336
4316	-4331	-8192	4701
4317	-4209	-8192	4861
4318	-4013	-8192	4336
4319	-4333	-8192	4632
4320	-4552	-8192	4686
4321	-4634	-8192	5099
4322	-4567	-8192	4299
4323	-4994	-8192	3631
4324	-5159	-8192	4139
4325	-4974	-8192	3243
4326	-5025	-8192	3231
4327	-5409	-8192	4404
4328	-5194	-8192	2711
4329	-5289	-8192	3296
4330	-6084	-8192	4713
4331	-6366	-8192	4318
4332	-6193	-8192	4036
4333	-6708	-8192	4141
4334	-7322	-8192	3493
4335	-6758	-8192	3761
4336	-6783	-8192	4474
4337	-7242	-8192	5164
4338	-6901	-8192	6648
4339	-7113	-8192	4892
4340	-6925	-8192	2151
4341	-5998	-8192	2428
4342	-6041	-8192	2211
4343	-6549	-8192	5128
4344	-6111	-8192	5293
4345	-6740	-8192	5891
4346	-7564	-8192	7554
4347	-7395	-8192	7564
4348	-7500	-8192	5374
4349	-7168	-8192	4402
4350	-6129	-8192	4638
4351	-5197	-8192	2783
4352	-4788	-8192	2651
4353	-4994	-8192	2783
4354	-5598	-8192	1538
4355	-6084	-8192	2008
4356	-6866	-8192	4707
4357	-6821	-8192	5336
4358	-6015	-8192	4783
4359	-5762	-8192	5035
4360	-4898	-8192	5495
4361	-4011	-8192	4360
4362	-4078	-8192	3076
4363	-4392	-8192	1812
4364	-4999	-8192	3179
4365	-6153	-8192	2396
4366	-6050	-8192	4042
4367	-5877	-8192	6194
4368	-5580	-8192	3309
4369	-4347	-8192	5251
4370	-4246	-8192	7536
4371	-4661	-8192	5184
4372	-4342	-8192	5594
4373	-4829	-8192	5153
4374	-6121	-8192	2991
4375	-6155	-8192	4896
4376	-6996	-8192	4022
4377	-8047	-8192	1047
4378	-7349	-8192	2337
4379	-7137	-8192	2572
4380	-7520	-8192	5348
4381	-6757	-8192	6570
4382	-6621	-8192	4774
4383	-6692	-8192	5998
4384	-6528	-8192	6124
4385	-6901	-8192	2752
4386	-7423	-8192	4331
4387	-7895	-8192	6246
4388	-7991	-8192	3201
4389	-7745	-8192	4303
4390	-7336	-8192	4331
4391	-7106	-8192	3394
4392	-6461	-8192	5773
4393	-6093	-8192	6421
4394	-6447	-8192	6508
4395	-6533	-8192	7570
4396	-6766	-8192	7797
4397	-6946	-8192	6278
4398	-6890	-8192	2976
4399	-6958	-8192	1754
4400	-6710	-8192	1796
4401	-6401	-8192	1749
4402	-5689	-8192	3493
4403	-5546	-8192	4570
4404	-5784	-8192	4743
4405	-5509	-8192	5721
4406	-5221	-8192	5912
4407	-5415	-8192	4910
4408	-5240	-8192	3179
4409	-5113	-8192	3837
4410	-6126	-8192	4049
4411	-6210	-8192	4491
4412	-5826	-8192	6396
4413	-6260	-8192	4423
4414	-6074	-8192	5305
4415	-5562	-8192	4554
4416	-5394	-8192	3394
4417	-5543	-8192	3297
4418	-5873	-8192	5878
4419	-6640	-8192	5122
4420	-7370	-8192	4754
4421	-7836	-8192	5919
4422	-7871	-8192	4647
4423	-7406	-8192	4993
4424	-7220	-8192	6253
4425	-7319	-8192	4903
4426	-6511	-8192	7257
4427	-7327	-8192	4841
4428	-8131	-8192	276
4429	-8184	-8192	2411
4430	-8181	-8192	1757
4431	-8181	-8192	2732
4432	-8110	-8192	4240
4433	-7515	-8192	5710
4434	-6911	-8192	5697
4435	-5870	-8192	8191
4436	-5734	-8192	8082
4437	-6284	-8192	8022
4438	-7135	-8192	7505
4439	-7585	-8192	6842
4440	-8042	-8192	4232
4441	-8061	-8192	3951
4442	-8050	-8192	768
4443	-7455	-8192	173
4444	-6337	-8192	2660
4445	-5995	-8192	6388
4446	-5990	-8192	6074
4447	-5793	-8192	7644
4448	-6140	-8192	7133
4449	-6499	-8192	5802
4450	-6092	-8192	5034
4451	-6204	-8192	6045
4452	-6548	-8192	3882
4453	-6120	-8192	2138
4454	-5843	-8192	2430
4455	-6848	-8192	2951
4456	-6490	-8192	6665
4457	-6326	-8192	7585
4458	-6806	-8192	6183
4459	-6377	-8192	6223
4460	-5725	-8192	6121
4461	-6225	-8192	6045
4462	-6606	-8192	5534
4463	-7168	-8192	4067
4464	-7885	-8192	5813
4465	-8186	-8192	5034
4466	-8167	-8192	3893
4467	-8182	-8192	4963
4468	-8181	-8192	5374
4469	-8158	-8192	5586
4470	-7824	-8192	5411
4471	-7543	-8192	3664
4472	-8006	-8192	4038
4473	-8006	-8192	4457
4474	-8070	-8192	5718
4475	-8188	-8192	5053
4476	-8181	-8192	7153
4477	-8104	-8192	7161
4478	-8156	-8192	6444
4479	-7702	-8192	8094
4480	-6577	-8192	7240
4481	-6770	-8192	6742
4482	-7037	-8192	7347
4483	-7214	-8192	6480
4484	-7515	-8192	3274
4485	-7728	-8192	2675
4486	-7834	-8192	5361
4487	-7657	-8192	1811
4488	-7410	-8192	3890
4489	-7100	-8192	4686
4490	-6836	-8192	2972
4491	-6259	-8192	5235
4492	-6316	-8192	6652
4493	-6664	-8192	5793
4494	-5990	-8192	7997
4495	-6217	-8192	7278
4496	-6723	-8192	6226
4497	-6244	-8192	6549
4498	-6797	-8192	5140
4499	-7542	-8192	6605
4500	-6943	-8192	6875
4501	-7163	-8192	6878
4502	-7568	-8192	3758
4503	-7106	-8192	3660
4504	-7843	-8192	3123
4505	-8192	-8192	5133
4506	-8088	-8192	5267
4507	-8184	-8192	6352
4508	-8181	-8192	5754
4509	-8181	-8192	8176
4510	-8088	-8192	8109
4511	-8179	-8192	6220
4512	-7982	-8192	5664
4513	-8098	-8192	4634
4514	-8118	-8192	3633
4515	-8186	-8192	2317
4516	-8181	-8192	4646
4517	-8181	-8192	4382
4518	-8181	-8192	5126
4519	-8101	-8192	7541
4520	-8046	-8192	8191
4521	-7812	-8192	8168
4522	-7512	-8192	8131
4523	-7118	-8192	7942
4524	-7635	-8192	5400
4525	-8146	-8192	3387
4526	-7765	-8192	3694
4527	-8056	-8192	3462
4528	-8192	-8192	1777
4529	-7654	-8192	5045
4530	-7613	-8192	4856
4531	-7492	-8192	4189
4532	-6661	-8192	6072
4533	-6673	-8192	4789
4534	-7521	-8192	5139
4535	-7251	-8192	7793
4536	-7235	-8192	7931
4537	-7756	-8192	5499
4538	-7104	-8192	7046
4539	-6655	-8192	7539
4540	-7037	-8192	5974
4541	-6853	-8192	8191
4542	-6823	-8192	6571
4543	-7877	-8192	5142
4544	-8146	-8192	4374
4545	-8179	-8192	4270
4546	-8181	-8192	4126
4547	-8181	-8192	7034
4548	-8181	-8192	7305
4549	-8181	-8192	6661
4550	-8181	-8192	5717
4551	-8181	-8192	4981
4552	-8181	-8192	5667
4553	-8181	-8192	3357
4554	-8181	-8192	3929
4555	-8138	-8192	6084
4556	-8173	-8192	7170
4557	-7998	-8192	7083
4558	-7975	-8192	8191
4559	-8192	-8192	8166
4560	-8180	-8192	8172
4561	-8181	-8192	8123
4562	-8181	-8192	6873
4563	-8113	-8192	4190
4564	-7649	-8192	4879
4565	-8025	-8192	2473
4566	-7960	-8192	3455
4567	-7757	-8192	6232
4568	-8070	-8192	5997
4569	-7860	-8192	6179
4570	-7414	-8192	6423
4571	-7667	-8192	6174
4572	-7304	-8192	6251
4573	-7447	-8192	4325
4574	-7750	-8192	6744
4575	-7971	-8192	4562
4576	-7687	-8192	6346
4577	-7609	-8192	7878
4578	-7725	-8192	8140
4579	-7175	-8192	7889
4580	-6797	-8192	8184
4581	-7778	-8192	6905
4582	-8054	-8192	5970
4583	-8167	-8192	6686
4584	-8184	-8192	3846
4585	-8181	-8192	6449
4586	-8181	-8192	5571
4587	-8181	-8192	3967
4588	-8181	-8192	6608
4589	-8127	-8192	4940
4590	-8184	-8192	5463
4591	-8181	-8192	7042
4592	-8181	-8192	7615
4593	-8181	-8192	6980
4594	-8181	-8192	8145
4595	-8181	-8192	7989
4596	-7942	-8192	7246
4597	-7999	-8192	7981
4598	-7886	-8192	7993
4599	-7656	-8192	5860
4600	-7988	-8192	3652
4601	-8180	-8192	3585
4602	-8183	-8192	4155
4603	-8181	-8192	7505
4604	-8181	-8192	7346
4605	-8119	-8192	7191
4606	-7792	-8192	6373
4607	-6629	-8192	6282
4608	-6516	-8192	5375
4609	-6947	-8192	5753
4610	-7052	-8192	5060
4611	-7906	-8192	6558
4612	-8192	-8192	7657
4613	-8179	-8192	7047
4614	-8181	-8192	4981
4615	-8082	-8192	6263
4616	-7027	-8192	8191
4617	-6903	-8192	8169
4618	-7690	-8192	6414
4619	-8101	-8192	6717
4620	-8191	-8192	5326
4621	-8180	-8192	5215
4622	-8181	-8192	4226
4623	-8181	-8192	5522
4624	-8181	-8192	6517
4625	-8096	-8192	8044
4626	-7612	-8192	8185
4627	-8171	-8192	8071
4628	-8186	-8192	7940
4629	-8180	-8192	4839
4630	-8181	-8192	6439
4631	-8181	-8192	7473
4632	-8181	-8192	5842
4633	-8174	-8192	7310
4634	-7289	-8192	5719
4635	-6763	-8192	5569
4636	-6380	-8192	7202
4637	-7931	-8192	7875
4638	-8192	-8192	7883
4639	-8179	-8192	7729
4640	-8181	-8192	6872
4641	-8181	-8192	8191
4642	-8181	-8192	8171
4643	-7850	-8192	5315
4644	-6859	-8192	5184
4645	-5633	-8192	7021
4646	-6685	-8192	4096
4647	-7918	-8192	3607
4648	-8192	-8192	3409
4649	-8180	-8192	4476
4650	-8181	-8192	3763
4651	-8181	-8192	6646
4652	-8181	-8192	8191
4653	-7196	-8192	8164
4654	-5984	-8192	8172
4655	-7086	-8192	8128
4656	-8104	-8192	5995
4657	-8186	-8192	6902
4658	-8181	-8192	4979
4659	-8181	-8192	3659
4660	-8181	-8192	3767
4661	-8181	-8192	6011
4662	-8181	-8192	8191
4663	-8142	-8192	5492
4664	-8122	-8192	4908
4665	-8186	-8192	7815
4666	-8181	-8192	5591
4667	-8181	-8192	7803
4668	-8181	-8192	8191
4669	-8181	-8192	8119
4670	-8181	-8192	7571
4671	-8181	-8192	7889
4672	-8111	-8192	4073
4673	-7809	-8192	3480
4674	-7865	-8192	5455
4675	-8192	-8192	6527
4676	-8180	-8192	7460
4677	-8181	-8192	8014
4678	-8181	-8192	8180
4679	-8181	-8192	6474
4680	-8022	-8192	7842
4681	-7879	-8192	7649
4682	-7358	-8192	5729
4683	-7466	-8192	5867
4684	-8192	-8192	1073
4685	-8179	-8192	4668
4686	-8181	-8192	7731
4687	-8181	-8192	7862
4688	-8181	-8192	8191
4689	-7990	-8192	8171
4690	-8063	-8192	8172
4691	-8182	-8192	7892
4692	-8182	-8192	5519
4693	-8181	-8192	3927
4694	-8181	-8192	3303
4695	-8181	-8192	3620
4696	-8181	-8192	6461
4697	-8181	-8192	6427
4698	-8181	-8192	6559
4699	-8181	-8192	8191
4700	-8181	-8192	8120
4701	-8181	-8192	8177
4702	-8181	-8192	8172
4703	-8181	-8192	8172
4704	-8181	-8192	8172
4705	-8181	-8192	7894
4706	-8181	-8192	3020
4707	-8181	-8192	3232
4708	-8097	-8192	3162
4709	-8168	-8192	4499
4710	-8183	-8192	7033
4711	-8181	-8192	8139
4712	-8181	-8192	7958
4713	-8181	-8192	7845
4714	-8181	-8192	8157
4715	-8061	-8192	6931
4716	-7976	-8192	5893
4717	-7578	-8192	5731
4718	-8157	-8192	5108
4719	-8188	-8192	5625
4720	-8180	-8192	7376
4721	-8181	-8192	8136
4722	-8181	-8192	8117
4723	-8181	-8192	8175
4724	-8181	-8192	8172
4725	-8181	-8192	8030
4726	-8181	-8192	2473
4727	-8181	-8192	4456
4728	-8181	-8192	4790
4729	-8181	-8192	1464
4730	-8181	-8192	6942
4731	-8181	-8192	7566
4732	-8181	-8192	4354
4733	-8181	-8192	7942
4734	-8181	-8192	8182
4735	-8181	-8192	8172
4736	-8181	-8192	8172
4737	-8181	-8192	8172
4738	-8181	-8192	8172
4739	-8181	-8192	6000
4740	-8181	-8192	4750
4741	-8181	-8192	4114
4742	-8181	-8192	3092
4743	-8050	-8192	6871
4744	-8182	-8192	7279
4745	-8181	-8192	7233
4746	-8181	-8192	8104
4747	-8181	-8192	8178
4748	-8181	-8192	8172
4749	-8136	-8192	8172
4750	-8172	-8192	6254
4751	-8120	-8192	4934
4752	-8116	-8192	4355
4753	-8186	-8192	4895
4754	-8181	-8192	8191
4755	-8181	-8192	6231
4756	-8181	-8192	7759
4757	-8181	-8192	8191
4758	-8181	-8192	8168
4759	-8181	-8192	8172
4760	-8181	-8192	8009
4761	-8181	-8192	6803
4762	-8181	-8192	4592
4763	-8181	-8192	4349
4764	-8181	-8192	3365
4765	-8181	-8192	2920
4766	-8181	-8192	7077
4767	-8181	-8192	7117
4768	-8181	-8192	7816
4769	-8181	-8192	8191
4770	-8181	-8192	8170
4771	-8181	-8192	8172
4772	-8181	-8192	8172
4773	-8181	-8192	7711
4774	-8181	-8192	6382
4775	-8181	-8192	4501
4776	-8181	-8192	4498
4777	-8181	-8192	5151
4778	-8181	-8192	5565
4779	-8181	-8192	7073
4780	-8181	-8192	7741
4781	-8181	-8192	7844
4782	-8181	-8192	8191
4783	-8181	-8192	8092
4784	-8181	-8192	6977
4785	-8181	-8192	4139
4786	-8181	-8192	6982
4787	-8181	-8192	6942
4788	-8181	-8192	6383
4789	-8103	-8192	8191
4790	-8187	-8192	8173
4791	-8181	-8192	8171
4792	-8181	-8192	8172
4793	-8181	-8192	6929
4794	-8181	-8192	4822
4795	-8181	-8192	6164
4796	-8181	-8192	36